#-----------------------------------------------------------
# Vivado v2020.1 (64-bit)
# SW Build 2902540 on Wed May 27 19:54:49 MDT 2020
# IP Build 2902112 on Wed May 27 22:43:36 MDT 2020
# Start of session at: Tue Dec 27 19:34:12 2022
# Process ID: 14988
# Current directory: C:/Users/lenovo/Desktop/Exp6/Exp6
# Command line: vivado.exe -gui_launcher_event rodinguilauncherevent2336 C:\Users\lenovo\Desktop\Exp6\Exp6\Exp6.xpr
# Log file: C:/Users/lenovo/Desktop/Exp6/Exp6/vivado.log
# Journal file: C:/Users/lenovo/Desktop/Exp6/Exp6\vivado.jou
#-----------------------------------------------------------
start_gui
open_project C:/Users/lenovo/Desktop/Exp6/Exp6/Exp6.xpr
INFO: [Project 1-313] Project file moved from 'C:/Users/Zonghui Wang/Desktop/risc v/Code4Stu/Exp6' since last save.
CRITICAL WARNING: [Project 1-311] Could not find the file 'C:/Users/lenovo/Desktop/Exp6/Exp6/Exp6.srcs/sources_1/ip/multiplier/multiplier.xci', nor could it be found using path 'C:/Users/Zonghui Wang/Desktop/risc v/Code4Stu/Exp6/Exp6.srcs/sources_1/ip/multiplier/multiplier.xci'.
CRITICAL WARNING: [Project 1-311] Could not find the file 'C:/Users/lenovo/Desktop/Exp6/Exp6/Exp6.srcs/sources_1/ip/divider/divider.xci', nor could it be found using path 'C:/Users/Zonghui Wang/Desktop/risc v/Code4Stu/Exp6/Exp6.srcs/sources_1/ip/divider/divider.xci'.
Scanning sources...
Finished scanning sources
WARNING: [Project 1-509] GeneratedRun file for 'synth_1' not found
WARNING: [Project 1-509] GeneratedRun file for 'divider_synth_1' not found
WARNING: [Project 1-509] GeneratedRun file for 'impl_1' not found
ERROR: [IP_Flow 19-993] Could not find IP file for IP 'multiplier'.
CRITICAL WARNING: [IP_Flow 19-5097] Unable to determine VLNV from IP file; verify it has the correct syntax: 
ERROR: [IP_Flow 19-993] Could not find IP file for IP 'divider'.
CRITICAL WARNING: [IP_Flow 19-5097] Unable to determine VLNV from IP file; verify it has the correct syntax: 
INFO: [Project 1-230] Project 'Exp6.xpr' upgraded for this version of Vivado.
INFO: [IP_Flow 19-234] Refreshing IP repositories
INFO: [IP_Flow 19-1704] No user IP repositories specified
INFO: [IP_Flow 19-2313] Loaded Vivado IP repository 'D:/vivado2020/Vivado/2020.1/data/ip'.
open_project: Time (s): cpu = 00:00:19 ; elapsed = 00:00:18 . Memory (MB): peak = 1009.723 ; gain = 0.000
ERROR: [Common 17-39] 'open_project' failed due to earlier errors.
update_compile_order -fileset sources_1
export_ip_user_files -of_objects  [get_files C:/Users/lenovo/Desktop/Exp6/Exp6/Exp6.srcs/sources_1/ip/multiplier/multiplier.xci] -no_script -reset -force -quiet
remove_files  C:/Users/lenovo/Desktop/Exp6/Exp6/Exp6.srcs/sources_1/ip/multiplier/multiplier.xci
create_ip -name mult_gen -vendor xilinx.com -library ip -version 12.0 -module_name multiplier -dir c:/Users/lenovo/Desktop/Exp6/Exp6/Exp6.srcs/sources_1/ip
set_property -dict [list CONFIG.Component_Name {multiplier} CONFIG.PortAWidth {32} CONFIG.PortBWidth {32} CONFIG.Multiplier_Construction {Use_Mults} CONFIG.OutputWidthHigh {63} CONFIG.PipeStages {6}] [get_ips multiplier]
WARNING: [Vivado 12-3523] Attempt to change 'Component_Name' from 'multiplier' to 'multiplier' is not allowed and is ignored.
generate_target {instantiation_template} [get_files c:/Users/lenovo/Desktop/Exp6/Exp6/Exp6.srcs/sources_1/ip/multiplier/multiplier.xci]
INFO: [IP_Flow 19-1686] Generating 'Instantiation Template' target for IP 'multiplier'...
update_compile_order -fileset sources_1
generate_target all [get_files  c:/Users/lenovo/Desktop/Exp6/Exp6/Exp6.srcs/sources_1/ip/multiplier/multiplier.xci]
INFO: [IP_Flow 19-1686] Generating 'Synthesis' target for IP 'multiplier'...
INFO: [IP_Flow 19-1686] Generating 'Simulation' target for IP 'multiplier'...
INFO: [IP_Flow 19-1686] Generating 'Change Log' target for IP 'multiplier'...
catch { config_ip_cache -export [get_ips -all multiplier] }
export_ip_user_files -of_objects [get_files c:/Users/lenovo/Desktop/Exp6/Exp6/Exp6.srcs/sources_1/ip/multiplier/multiplier.xci] -no_script -sync -force -quiet
create_ip_run [get_files -of_objects [get_fileset sources_1] c:/Users/lenovo/Desktop/Exp6/Exp6/Exp6.srcs/sources_1/ip/multiplier/multiplier.xci]
launch_runs multiplier_synth_1 -jobs 4
[Thu Dec 29 10:29:03 2022] Launched multiplier_synth_1...
Run output will be captured here: C:/Users/lenovo/Desktop/Exp6/Exp6/Exp6.runs/multiplier_synth_1/runme.log
export_simulation -of_objects [get_files c:/Users/lenovo/Desktop/Exp6/Exp6/Exp6.srcs/sources_1/ip/multiplier/multiplier.xci] -directory C:/Users/lenovo/Desktop/Exp6/Exp6/Exp6.ip_user_files/sim_scripts -ip_user_files_dir C:/Users/lenovo/Desktop/Exp6/Exp6/Exp6.ip_user_files -ipstatic_source_dir C:/Users/lenovo/Desktop/Exp6/Exp6/Exp6.ip_user_files/ipstatic -lib_map_path [list {modelsim=C:/Users/lenovo/Desktop/Exp6/Exp6/Exp6.cache/compile_simlib/modelsim} {questa=C:/Users/lenovo/Desktop/Exp6/Exp6/Exp6.cache/compile_simlib/questa} {riviera=C:/Users/lenovo/Desktop/Exp6/Exp6/Exp6.cache/compile_simlib/riviera} {activehdl=C:/Users/lenovo/Desktop/Exp6/Exp6/Exp6.cache/compile_simlib/activehdl}] -use_ip_compiled_libs -force -quiet
export_ip_user_files -of_objects  [get_files C:/Users/lenovo/Desktop/Exp6/Exp6/Exp6.srcs/sources_1/ip/divider/divider.xci] -no_script -reset -force -quiet
remove_files  -fileset divider C:/Users/lenovo/Desktop/Exp6/Exp6/Exp6.srcs/sources_1/ip/divider/divider.xci
INFO: [Project 1-386] Moving file 'C:/Users/lenovo/Desktop/Exp6/Exp6/Exp6.srcs/sources_1/ip/divider/divider.xci' from fileset 'divider' to fileset 'sources_1'.
create_ip -name div_gen -vendor xilinx.com -library ip -version 5.1 -module_name divider -dir c:/Users/lenovo/Desktop/Exp6/Exp6/Exp6.srcs/sources_1/ip
set_property -dict [list CONFIG.Component_Name {divider} CONFIG.dividend_and_quotient_width {32} CONFIG.divisor_width {32} CONFIG.fractional_width {32} CONFIG.latency {36}] [get_ips divider]
WARNING: [Vivado 12-3523] Attempt to change 'Component_Name' from 'divider' to 'divider' is not allowed and is ignored.
generate_target {instantiation_template} [get_files c:/Users/lenovo/Desktop/Exp6/Exp6/Exp6.srcs/sources_1/ip/divider/divider.xci]
INFO: [IP_Flow 19-1686] Generating 'Instantiation Template' target for IP 'divider'...
generate_target all [get_files  c:/Users/lenovo/Desktop/Exp6/Exp6/Exp6.srcs/sources_1/ip/divider/divider.xci]
INFO: [IP_Flow 19-1686] Generating 'Synthesis' target for IP 'divider'...
INFO: [IP_Flow 19-1686] Generating 'Simulation' target for IP 'divider'...
INFO: [IP_Flow 19-1686] Generating 'C Simulation' target for IP 'divider'...
INFO: [IP_Flow 19-1686] Generating 'Test Bench' target for IP 'divider'...
INFO: [IP_Flow 19-1686] Generating 'Change Log' target for IP 'divider'...
generate_target: Time (s): cpu = 00:00:00 ; elapsed = 00:00:05 . Memory (MB): peak = 1369.172 ; gain = 6.988
catch { config_ip_cache -export [get_ips -all divider] }
export_ip_user_files -of_objects [get_files c:/Users/lenovo/Desktop/Exp6/Exp6/Exp6.srcs/sources_1/ip/divider/divider.xci] -no_script -sync -force -quiet
create_ip_run [get_files -of_objects [get_fileset sources_1] c:/Users/lenovo/Desktop/Exp6/Exp6/Exp6.srcs/sources_1/ip/divider/divider.xci]
launch_runs divider_synth_1 -jobs 4
[Thu Dec 29 10:31:14 2022] Launched divider_synth_1...
Run output will be captured here: C:/Users/lenovo/Desktop/Exp6/Exp6/Exp6.runs/divider_synth_1/runme.log
export_simulation -of_objects [get_files c:/Users/lenovo/Desktop/Exp6/Exp6/Exp6.srcs/sources_1/ip/divider/divider.xci] -directory C:/Users/lenovo/Desktop/Exp6/Exp6/Exp6.ip_user_files/sim_scripts -ip_user_files_dir C:/Users/lenovo/Desktop/Exp6/Exp6/Exp6.ip_user_files -ipstatic_source_dir C:/Users/lenovo/Desktop/Exp6/Exp6/Exp6.ip_user_files/ipstatic -lib_map_path [list {modelsim=C:/Users/lenovo/Desktop/Exp6/Exp6/Exp6.cache/compile_simlib/modelsim} {questa=C:/Users/lenovo/Desktop/Exp6/Exp6/Exp6.cache/compile_simlib/questa} {riviera=C:/Users/lenovo/Desktop/Exp6/Exp6/Exp6.cache/compile_simlib/riviera} {activehdl=C:/Users/lenovo/Desktop/Exp6/Exp6/Exp6.cache/compile_simlib/activehdl}] -use_ip_compiled_libs -force -quiet
launch_runs synth_1 -jobs 4
[Thu Dec 29 10:35:47 2022] Launched synth_1...
Run output will be captured here: C:/Users/lenovo/Desktop/Exp6/Exp6/Exp6.runs/synth_1/runme.log
launch_runs impl_1 -jobs 4
[Thu Dec 29 10:38:31 2022] Launched impl_1...
Run output will be captured here: C:/Users/lenovo/Desktop/Exp6/Exp6/Exp6.runs/impl_1/runme.log
launch_runs impl_1 -to_step write_bitstream -jobs 4
[Thu Dec 29 10:42:41 2022] Launched impl_1...
Run output will be captured here: C:/Users/lenovo/Desktop/Exp6/Exp6/Exp6.runs/impl_1/runme.log
launch_simulation
Command: launch_simulation 
INFO: [Vivado 12-5698] Checking validity of IPs in the design for the 'XSim' simulator...
INFO: [Vivado 12-5682] Launching behavioral simulation in 'C:/Users/lenovo/Desktop/Exp6/Exp6/Exp6.sim/sim_1/behav/xsim'
INFO: [Vivado 12-4795] Using compiled simulation libraries for IPs
INFO: [SIM-utils-51] Simulation object is 'sim_1'
INFO: [USF-XSim-7] Finding pre-compiled libraries...
INFO: [USF-XSim-11] File 'D:/vivado2020/Vivado/2020.1/data/xsim/xsim.ini' copied to run dir:'C:/Users/lenovo/Desktop/Exp6/Exp6/Exp6.sim/sim_1/behav/xsim'
INFO: [SIM-utils-54] Inspecting design source files for 'sim_top' in fileset 'sim_1'...
INFO: [USF-XSim-97] Finding global include files...
INFO: [USF-XSim-98] Fetching design files from 'sim_1'...
INFO: [USF-XSim-2] XSim::Compile design
INFO: [USF-XSim-61] Executing 'COMPILE and ANALYZE' step in 'C:/Users/lenovo/Desktop/Exp6/Exp6/Exp6.sim/sim_1/behav/xsim'
"xvlog --incr --relax -prj sim_top_vlog.prj"
INFO: [VRFC 10-2263] Analyzing Verilog file "C:/Users/lenovo/Desktop/Exp6/Exp6/code/auxillary/Code2Inst.v" into library xil_defaultlib
INFO: [VRFC 10-311] analyzing module Code2Inst
INFO: [VRFC 10-2263] Analyzing Verilog file "C:/Users/lenovo/Desktop/Exp6/Exp6/code/core/CtrlUnit.v" into library xil_defaultlib
INFO: [VRFC 10-311] analyzing module CtrlUnit
INFO: [VRFC 10-2263] Analyzing Verilog file "C:/Users/lenovo/Desktop/Exp6/Exp6/code/core/FU_ALU.v" into library xil_defaultlib
INFO: [VRFC 10-311] analyzing module FU_ALU
INFO: [VRFC 10-2263] Analyzing Verilog file "C:/Users/lenovo/Desktop/Exp6/Exp6/code/core/FU_div.v" into library xil_defaultlib
INFO: [VRFC 10-311] analyzing module FU_div
INFO: [VRFC 10-2263] Analyzing Verilog file "C:/Users/lenovo/Desktop/Exp6/Exp6/code/core/FU_jump.v" into library xil_defaultlib
INFO: [VRFC 10-311] analyzing module FU_jump
INFO: [VRFC 10-2263] Analyzing Verilog file "C:/Users/lenovo/Desktop/Exp6/Exp6/code/core/FU_mem.v" into library xil_defaultlib
INFO: [VRFC 10-311] analyzing module FU_mem
INFO: [VRFC 10-2263] Analyzing Verilog file "C:/Users/lenovo/Desktop/Exp6/Exp6/code/core/FU_mul.v" into library xil_defaultlib
INFO: [VRFC 10-311] analyzing module FU_mul
INFO: [VRFC 10-2263] Analyzing Verilog file "C:/Users/lenovo/Desktop/Exp6/Exp6/code/auxillary/Font816.v" into library xil_defaultlib
INFO: [VRFC 10-311] analyzing module FONT8_16
INFO: [VRFC 10-2263] Analyzing Verilog file "C:/Users/lenovo/Desktop/Exp6/Exp6/code/core/ImmGen.v" into library xil_defaultlib
INFO: [VRFC 10-311] analyzing module ImmGen
INFO: [VRFC 10-2263] Analyzing Verilog file "C:/Users/lenovo/Desktop/Exp6/Exp6/code/common/MUX2T1_32.v" into library xil_defaultlib
INFO: [VRFC 10-311] analyzing module MUX2T1_32
INFO: [VRFC 10-2263] Analyzing Verilog file "C:/Users/lenovo/Desktop/Exp6/Exp6/code/common/MUX8T1_32.v" into library xil_defaultlib
INFO: [VRFC 10-311] analyzing module MUX8T1_32
INFO: [VRFC 10-2263] Analyzing Verilog file "C:/Users/lenovo/Desktop/Exp6/Exp6/code/core/RAM_B.v" into library xil_defaultlib
INFO: [VRFC 10-311] analyzing module RAM_B
INFO: [VRFC 10-2263] Analyzing Verilog file "C:/Users/lenovo/Desktop/Exp6/Exp6/code/common/REG32.v" into library xil_defaultlib
INFO: [VRFC 10-311] analyzing module REG32
INFO: [VRFC 10-2263] Analyzing Verilog file "C:/Users/lenovo/Desktop/Exp6/Exp6/code/core/REG_IF_IS.v" into library xil_defaultlib
INFO: [VRFC 10-311] analyzing module REG_IF_IS
INFO: [VRFC 10-2263] Analyzing Verilog file "C:/Users/lenovo/Desktop/Exp6/Exp6/code/core/ROM_D.v" into library xil_defaultlib
INFO: [VRFC 10-311] analyzing module ROM_D
INFO: [VRFC 10-2263] Analyzing Verilog file "C:/Users/lenovo/Desktop/Exp6/Exp6/code/core/RV32core.v" into library xil_defaultlib
INFO: [VRFC 10-311] analyzing module RV32core
INFO: [VRFC 10-2263] Analyzing Verilog file "C:/Users/lenovo/Desktop/Exp6/Exp6/code/core/Regs.v" into library xil_defaultlib
INFO: [VRFC 10-311] analyzing module Regs
INFO: [VRFC 10-2263] Analyzing Verilog file "C:/Users/lenovo/Desktop/Exp6/Exp6/code/auxillary/VGATEST.v" into library xil_defaultlib
INFO: [VRFC 10-311] analyzing module VGA_TESTP
INFO: [VRFC 10-2263] Analyzing Verilog file "C:/Users/lenovo/Desktop/Exp6/Exp6/code/common/add_32.v" into library xil_defaultlib
INFO: [VRFC 10-311] analyzing module add_32
INFO: [VRFC 10-2263] Analyzing Verilog file "C:/Users/lenovo/Desktop/Exp6/Exp6/code/auxillary/btn_scan.v" into library xil_defaultlib
INFO: [VRFC 10-311] analyzing module btn_scan
INFO: [VRFC 10-2263] Analyzing Verilog file "C:/Users/lenovo/Desktop/Exp6/Exp6/code/auxillary/clk_diff.v" into library xil_defaultlib
INFO: [VRFC 10-311] analyzing module clk_diff
INFO: [VRFC 10-2263] Analyzing Verilog file "C:/Users/lenovo/Desktop/Exp6/Exp6/code/common/cmp_32.v" into library xil_defaultlib
INFO: [VRFC 10-311] analyzing module cmp_32
INFO: [VRFC 10-2263] Analyzing Verilog file "C:/Users/lenovo/Desktop/Exp6/Exp6/code/auxillary/debug_clk.v" into library xil_defaultlib
INFO: [VRFC 10-311] analyzing module debug_clk
INFO: [VRFC 10-2263] Analyzing Verilog file "C:/Users/lenovo/Desktop/Exp6/Exp6/code/auxillary/display.v" into library xil_defaultlib
INFO: [VRFC 10-311] analyzing module display
INFO: [VRFC 10-2263] Analyzing Verilog file "C:/Users/lenovo/Desktop/Exp6/Exp6/code/auxillary/my_clk_gen.v" into library xil_defaultlib
INFO: [VRFC 10-311] analyzing module my_clk_gen
INFO: [VRFC 10-2458] undeclared symbol clkout0, assumed default net type wire [C:/Users/lenovo/Desktop/Exp6/Exp6/code/auxillary/my_clk_gen.v:137]
INFO: [VRFC 10-2458] undeclared symbol clkout1, assumed default net type wire [C:/Users/lenovo/Desktop/Exp6/Exp6/code/auxillary/my_clk_gen.v:139]
INFO: [VRFC 10-2458] undeclared symbol clkout2, assumed default net type wire [C:/Users/lenovo/Desktop/Exp6/Exp6/code/auxillary/my_clk_gen.v:141]
INFO: [VRFC 10-2458] undeclared symbol clkout3, assumed default net type wire [C:/Users/lenovo/Desktop/Exp6/Exp6/code/auxillary/my_clk_gen.v:143]
INFO: [VRFC 10-2263] Analyzing Verilog file "C:/Users/lenovo/Desktop/Exp6/Exp6/code/auxillary/parallel2serial.v" into library xil_defaultlib
INFO: [VRFC 10-311] analyzing module parallel2serial
WARNING: [VRFC 10-3380] identifier 'DATA_BITS' is used before its declaration [C:/Users/lenovo/Desktop/Exp6/Exp6/code/auxillary/parallel2serial.v:10]
INFO: [VRFC 10-2263] Analyzing Verilog file "C:/Users/lenovo/Desktop/Exp6/Exp6/code/auxillary/top.v" into library xil_defaultlib
INFO: [VRFC 10-311] analyzing module top
INFO: [VRFC 10-2263] Analyzing Verilog file "C:/Users/lenovo/Desktop/Exp6/Exp6/code/auxillary/vga.v" into library xil_defaultlib
INFO: [VRFC 10-311] analyzing module vga
INFO: [VRFC 10-2263] Analyzing Verilog file "C:/Users/lenovo/Desktop/Exp6/Exp6/code/sim/sim_top.v" into library xil_defaultlib
INFO: [VRFC 10-311] analyzing module sim_top
INFO: [VRFC 10-2263] Analyzing Verilog file "C:/Users/lenovo/Desktop/Exp6/Exp6/Exp6.sim/sim_1/behav/xsim/glbl.v" into library xil_defaultlib
INFO: [VRFC 10-311] analyzing module glbl
"xvhdl --incr --relax -prj sim_top_vhdl.prj"
INFO: [VRFC 10-163] Analyzing VHDL file "C:/Users/lenovo/Desktop/Exp6/Exp6/Exp6.srcs/sources_1/ip/divider/sim/divider.vhd" into library xil_defaultlib
INFO: [VRFC 10-3107] analyzing entity 'divider'
INFO: [VRFC 10-163] Analyzing VHDL file "C:/Users/lenovo/Desktop/Exp6/Exp6/Exp6.srcs/sources_1/ip/multiplier/sim/multiplier.vhd" into library xil_defaultlib
INFO: [VRFC 10-3107] analyzing entity 'multiplier'
run_program: Time (s): cpu = 00:00:00 ; elapsed = 00:00:11 . Memory (MB): peak = 1731.316 ; gain = 0.000
INFO: [USF-XSim-69] 'compile' step finished in '11' seconds
INFO: [USF-XSim-3] XSim::Elaborate design
INFO: [USF-XSim-61] Executing 'ELABORATE' step in 'C:/Users/lenovo/Desktop/Exp6/Exp6/Exp6.sim/sim_1/behav/xsim'
"xelab -wto 43b08fc0664647fe90e7fe931acc9436 --incr --debug typical --relax --mt 2 -L xbip_utils_v3_0_10 -L axi_utils_v2_0_6 -L xbip_pipe_v3_0_6 -L xbip_dsp48_wrapper_v3_0_4 -L xbip_dsp48_addsub_v3_0_6 -L xbip_bram18k_v3_0_6 -L mult_gen_v12_0_16 -L floating_point_v7_0_17 -L xbip_dsp48_mult_v3_0_6 -L xbip_dsp48_multadd_v3_0_6 -L div_gen_v5_1_16 -L xil_defaultlib -L unisims_ver -L unimacro_ver -L secureip -L xpm --snapshot sim_top_behav xil_defaultlib.sim_top xil_defaultlib.glbl -log elaborate.log"
Vivado Simulator 2020.1
Copyright 1986-1999, 2001-2020 Xilinx, Inc. All Rights Reserved.
Running: D:/vivado2020/Vivado/2020.1/bin/unwrapped/win64.o/xelab.exe -wto 43b08fc0664647fe90e7fe931acc9436 --incr --debug typical --relax --mt 2 -L xbip_utils_v3_0_10 -L axi_utils_v2_0_6 -L xbip_pipe_v3_0_6 -L xbip_dsp48_wrapper_v3_0_4 -L xbip_dsp48_addsub_v3_0_6 -L xbip_bram18k_v3_0_6 -L mult_gen_v12_0_16 -L floating_point_v7_0_17 -L xbip_dsp48_mult_v3_0_6 -L xbip_dsp48_multadd_v3_0_6 -L div_gen_v5_1_16 -L xil_defaultlib -L unisims_ver -L unimacro_ver -L secureip -L xpm --snapshot sim_top_behav xil_defaultlib.sim_top xil_defaultlib.glbl -log elaborate.log 
Using 2 slave threads.
Starting static elaboration
Pass Through NonSizing Optimizer
Completed static elaboration
Starting simulation data flow analysis
Completed simulation data flow analysis
Time Resolution for simulation is 1ps
Compiling package std.standard
Compiling package std.textio
Compiling package ieee.std_logic_1164
Compiling package ieee.numeric_std
Compiling package mult_gen_v12_0_16.mult_gen_v12_0_16_viv_comp
Compiling package xbip_utils_v3_0_10.xbip_utils_v3_0_10_pkg
Compiling package mult_gen_v12_0_16.mult_gen_v12_0_16_pkg
Compiling package ieee.std_logic_arith
Compiling package ieee.std_logic_signed
Compiling package unisim.vcomponents
Compiling package mult_gen_v12_0_16.dsp_pkg
Compiling package ieee.vital_timing
Compiling package ieee.vital_primitives
Compiling package unisim.vpkg
Compiling package div_gen_v5_1_16.div_gen_v5_1_16_viv_comp
Compiling package xbip_pipe_v3_0_6.xbip_pipe_v3_0_6_viv_comp
Compiling package axi_utils_v2_0_6.axi_utils_v2_0_6_pkg
Compiling package ieee.math_real
Compiling package axi_utils_v2_0_6.global_util_pkg
Compiling package axi_utils_v2_0_6.axi_utils_comps
Compiling package ieee.std_logic_unsigned
Compiling package xbip_bram18k_v3_0_6.xbip_bram18k_v3_0_6_pkg
Compiling package div_gen_v5_1_16.div_gen_pkg
Compiling package div_gen_v5_1_16.pkg_addsub
Compiling module unisims_ver.IBUFDS
Compiling module unisims_ver.IBUFGDS
Compiling module xil_defaultlib.clk_diff
Compiling module unisims_ver.MMCME2_ADV(CLKIN1_PERIOD=5.0,CLK...
Compiling module unisims_ver.BUFG
Compiling module xil_defaultlib.my_clk_gen
Compiling module xil_defaultlib.btn_scan(CLK_FREQ=25)
Compiling module xil_defaultlib.parallel2serial(P_CLK_FREQ=25,S_...
Compiling module xil_defaultlib.parallel2serial(P_CLK_FREQ=25,S_...
Compiling module xil_defaultlib.display_default
Compiling module xil_defaultlib.debug_clk
Compiling module xil_defaultlib.REG32
Compiling module xil_defaultlib.add_32
Compiling module xil_defaultlib.MUX2T1_32
Compiling module xil_defaultlib.ROM_D
Compiling module xil_defaultlib.REG_IF_IS
Compiling module xil_defaultlib.ImmGen
Compiling module xil_defaultlib.CtrlUnit
Compiling module xil_defaultlib.Regs
Compiling module xil_defaultlib.FU_ALU
Compiling module xil_defaultlib.RAM_B
Compiling module xil_defaultlib.FU_mem
Compiling architecture xilinx of entity mult_gen_v12_0_16.delay_line [\delay_line(c_xdevicefamily="kin...]
Compiling architecture xilinx of entity mult_gen_v12_0_16.delay_line [\delay_line(c_xdevicefamily="kin...]
Compiling architecture xilinx of entity mult_gen_v12_0_16.delay_line [\delay_line(c_xdevicefamily="kin...]
Compiling architecture srl16e_v of entity unisim.SRL16E [\SRL16E(0,15)\]
Compiling architecture fdre_v of entity unisim.FDRE [fdre_default]
Compiling architecture xilinx of entity mult_gen_v12_0_16.delay_line [\delay_line(c_xdevicefamily="kin...]
Compiling architecture xilinx of entity mult_gen_v12_0_16.delay_line [\delay_line(c_xdevicefamily="kin...]
Compiling architecture dsp48e1_v of entity unisim.DSP48E1 [\DSP48E1(alumodereg=0,carryinreg...]
Compiling architecture xilinx of entity mult_gen_v12_0_16.delay_line [\delay_line(c_xdevicefamily="kin...]
Compiling architecture xilinx of entity mult_gen_v12_0_16.delay_line [\delay_line(c_xdevicefamily="kin...]
Compiling architecture dsp48e1_v of entity unisim.DSP48E1 [\DSP48E1(a_input="CASCADE",bcasc...]
Compiling architecture dsp48e1_v of entity unisim.DSP48E1 [\DSP48E1(acascreg=2,areg=2,bcasc...]
Compiling architecture xilinx of entity mult_gen_v12_0_16.delay_line [\delay_line(c_xdevicefamily="kin...]
Compiling architecture dsp48e1_v of entity unisim.DSP48E1 [\DSP48E1(acascreg=2,areg=2,a_inp...]
Compiling architecture xilinx of entity mult_gen_v12_0_16.delay_line [\delay_line(c_xdevicefamily="kin...]
Compiling architecture xilinx of entity mult_gen_v12_0_16.op_resize [\op_resize(ai_width=32,bi_width=...]
Compiling architecture xilinx of entity mult_gen_v12_0_16.dsp [\dsp(c_xdevicefamily="kintex7",c...]
Compiling architecture xilinx of entity mult_gen_v12_0_16.mult_gen_v12_0_16_viv [\mult_gen_v12_0_16_viv(c_verbosi...]
Compiling architecture xilinx of entity mult_gen_v12_0_16.mult_gen_v12_0_16 [\mult_gen_v12_0_16(c_xdevicefami...]
Compiling architecture multiplier_arch of entity xil_defaultlib.multiplier [multiplier_default]
Compiling module xil_defaultlib.FU_mul
Compiling architecture synth of entity div_gen_v5_1_16.c_twos_comp_viv [\c_twos_comp_viv(c_width=32,c_ai...]
Compiling architecture virtex of entity div_gen_v5_1_16.cmp2s_v [\cmp2s_v(c_bus_width=32,c_regist...]
Compiling architecture synth of entity div_gen_v5_1_16.c_twos_comp_viv [\c_twos_comp_viv(c_width=32,c_ai...]
Compiling architecture virtex of entity div_gen_v5_1_16.cmp2s_v [\cmp2s_v(c_bus_width=32,c_ainit_...]
Compiling architecture synth of entity xbip_pipe_v3_0_6.xbip_pipe_v3_0_6_viv [\xbip_pipe_v3_0_6_viv(c_latency=...]
Compiling architecture synth of entity xbip_pipe_v3_0_6.xbip_pipe_v3_0_6_viv [\xbip_pipe_v3_0_6_viv(c_latency=...]
Compiling architecture synth of entity xbip_pipe_v3_0_6.xbip_pipe_v3_0_6_viv [\xbip_pipe_v3_0_6_viv(c_latency=...]
Compiling architecture synth of entity xbip_pipe_v3_0_6.xbip_pipe_v3_0_6_viv [\xbip_pipe_v3_0_6_viv(c_latency=...]
Compiling architecture synth of entity xbip_pipe_v3_0_6.xbip_pipe_v3_0_6_viv [\xbip_pipe_v3_0_6_viv(c_latency=...]
Compiling architecture muxcy_v of entity unisim.MUXCY [muxcy_default]
Compiling architecture xorcy_v of entity unisim.XORCY [xorcy_default]
Compiling architecture rtl of entity div_gen_v5_1_16.c_addsub_lut6 [\c_addsub_lut6(c_width=33,c_add_...]
Compiling architecture synth of entity div_gen_v5_1_16.c_addsub_viv [\c_addsub_viv(c_a_width=33,c_b_w...]
Compiling architecture virtex of entity div_gen_v5_1_16.addsubreg_v [\addsubreg_v(c_bus_width=33,c_ai...]
Compiling architecture synth of entity xbip_pipe_v3_0_6.xbip_pipe_v3_0_6_viv [\xbip_pipe_v3_0_6_viv(c_latency=...]
Compiling architecture synth of entity xbip_pipe_v3_0_6.xbip_pipe_v3_0_6_viv [\xbip_pipe_v3_0_6_viv(c_latency=...]
Compiling architecture synth of entity xbip_pipe_v3_0_6.xbip_pipe_v3_0_6_viv [\xbip_pipe_v3_0_6_viv(c_latency=...]
Compiling architecture synth of entity xbip_pipe_v3_0_6.xbip_pipe_v3_0_6_viv [\xbip_pipe_v3_0_6_viv(c_latency=...]
Compiling architecture synth of entity xbip_pipe_v3_0_6.xbip_pipe_v3_0_6_viv [\xbip_pipe_v3_0_6_viv(c_latency=...]
Compiling architecture synth of entity xbip_pipe_v3_0_6.xbip_pipe_v3_0_6_viv [\xbip_pipe_v3_0_6_viv(c_latency=...]
Compiling architecture synth of entity xbip_pipe_v3_0_6.xbip_pipe_v3_0_6_viv [\xbip_pipe_v3_0_6_viv(c_latency=...]
Compiling architecture synth of entity xbip_pipe_v3_0_6.xbip_pipe_v3_0_6_viv [\xbip_pipe_v3_0_6_viv(c_latency=...]
Compiling architecture synth of entity xbip_pipe_v3_0_6.xbip_pipe_v3_0_6_viv [\xbip_pipe_v3_0_6_viv(c_latency=...]
Compiling architecture synth of entity xbip_pipe_v3_0_6.xbip_pipe_v3_0_6_viv [\xbip_pipe_v3_0_6_viv(c_latency=...]
Compiling architecture synth of entity xbip_pipe_v3_0_6.xbip_pipe_v3_0_6_viv [\xbip_pipe_v3_0_6_viv(c_latency=...]
Compiling architecture synth of entity xbip_pipe_v3_0_6.xbip_pipe_v3_0_6_viv [\xbip_pipe_v3_0_6_viv(c_latency=...]
Compiling architecture synth of entity xbip_pipe_v3_0_6.xbip_pipe_v3_0_6_viv [\xbip_pipe_v3_0_6_viv(c_latency=...]
Compiling architecture synth of entity xbip_pipe_v3_0_6.xbip_pipe_v3_0_6_viv [\xbip_pipe_v3_0_6_viv(c_latency=...]
Compiling architecture synth of entity xbip_pipe_v3_0_6.xbip_pipe_v3_0_6_viv [\xbip_pipe_v3_0_6_viv(c_latency=...]
Compiling architecture synth of entity xbip_pipe_v3_0_6.xbip_pipe_v3_0_6_viv [\xbip_pipe_v3_0_6_viv(c_latency=...]
Compiling architecture synth of entity xbip_pipe_v3_0_6.xbip_pipe_v3_0_6_viv [\xbip_pipe_v3_0_6_viv(c_latency=...]
Compiling architecture synth of entity xbip_pipe_v3_0_6.xbip_pipe_v3_0_6_viv [\xbip_pipe_v3_0_6_viv(c_latency=...]
Compiling architecture synth of entity xbip_pipe_v3_0_6.xbip_pipe_v3_0_6_viv [\xbip_pipe_v3_0_6_viv(c_latency=...]
Compiling architecture synth of entity xbip_pipe_v3_0_6.xbip_pipe_v3_0_6_viv [\xbip_pipe_v3_0_6_viv(c_latency=...]
Compiling architecture synth of entity xbip_pipe_v3_0_6.xbip_pipe_v3_0_6_viv [\xbip_pipe_v3_0_6_viv(c_latency=...]
Compiling architecture synth of entity xbip_pipe_v3_0_6.xbip_pipe_v3_0_6_viv [\xbip_pipe_v3_0_6_viv(c_latency=...]
Compiling architecture synth of entity xbip_pipe_v3_0_6.xbip_pipe_v3_0_6_viv [\xbip_pipe_v3_0_6_viv(c_latency=...]
Compiling architecture synth of entity xbip_pipe_v3_0_6.xbip_pipe_v3_0_6_viv [\xbip_pipe_v3_0_6_viv(c_latency=...]
Compiling architecture synth of entity xbip_pipe_v3_0_6.xbip_pipe_v3_0_6_viv [\xbip_pipe_v3_0_6_viv(c_latency=...]
Compiling architecture synth of entity xbip_pipe_v3_0_6.xbip_pipe_v3_0_6_viv [\xbip_pipe_v3_0_6_viv(c_latency=...]
Compiling architecture synth of entity xbip_pipe_v3_0_6.xbip_pipe_v3_0_6_viv [\xbip_pipe_v3_0_6_viv(c_latency=...]
Compiling architecture synth of entity xbip_pipe_v3_0_6.xbip_pipe_v3_0_6_viv [\xbip_pipe_v3_0_6_viv(c_latency=...]
Compiling architecture synth of entity xbip_pipe_v3_0_6.xbip_pipe_v3_0_6_viv [\xbip_pipe_v3_0_6_viv(c_latency=...]
Compiling architecture synth of entity xbip_pipe_v3_0_6.xbip_pipe_v3_0_6_viv [\xbip_pipe_v3_0_6_viv(c_latency=...]
Compiling architecture synth of entity xbip_pipe_v3_0_6.xbip_pipe_v3_0_6_viv [\xbip_pipe_v3_0_6_viv(c_latency=...]
Compiling architecture synth of entity xbip_pipe_v3_0_6.xbip_pipe_v3_0_6_viv [\xbip_pipe_v3_0_6_viv(c_latency=...]
Compiling architecture synth of entity xbip_pipe_v3_0_6.xbip_pipe_v3_0_6_viv [\xbip_pipe_v3_0_6_viv(c_latency=...]
Compiling architecture synth of entity xbip_pipe_v3_0_6.xbip_pipe_v3_0_6_viv [\xbip_pipe_v3_0_6_viv(c_latency=...]
Compiling architecture synth of entity xbip_pipe_v3_0_6.xbip_pipe_v3_0_6_viv [\xbip_pipe_v3_0_6_viv(c_latency=...]
Compiling architecture synth of entity xbip_pipe_v3_0_6.xbip_pipe_v3_0_6_viv [\xbip_pipe_v3_0_6_viv(c_latency=...]
Compiling architecture synth of entity xbip_pipe_v3_0_6.xbip_pipe_v3_0_6_viv [\xbip_pipe_v3_0_6_viv(c_latency=...]
Compiling architecture synth of entity xbip_pipe_v3_0_6.xbip_pipe_v3_0_6_viv [\xbip_pipe_v3_0_6_viv(c_latency=...]
Compiling architecture synth of entity xbip_pipe_v3_0_6.xbip_pipe_v3_0_6_viv [\xbip_pipe_v3_0_6_viv(c_latency=...]
Compiling architecture synth of entity xbip_pipe_v3_0_6.xbip_pipe_v3_0_6_viv [\xbip_pipe_v3_0_6_viv(c_latency=...]
Compiling architecture synth of entity xbip_pipe_v3_0_6.xbip_pipe_v3_0_6_viv [\xbip_pipe_v3_0_6_viv(c_latency=...]
Compiling architecture synth of entity xbip_pipe_v3_0_6.xbip_pipe_v3_0_6_viv [\xbip_pipe_v3_0_6_viv(c_latency=...]
Compiling architecture synth of entity xbip_pipe_v3_0_6.xbip_pipe_v3_0_6_viv [\xbip_pipe_v3_0_6_viv(c_latency=...]
Compiling architecture synth of entity xbip_pipe_v3_0_6.xbip_pipe_v3_0_6_viv [\xbip_pipe_v3_0_6_viv(c_latency=...]
Compiling architecture synth of entity xbip_pipe_v3_0_6.xbip_pipe_v3_0_6_viv [\xbip_pipe_v3_0_6_viv(c_latency=...]
Compiling architecture synth of entity xbip_pipe_v3_0_6.xbip_pipe_v3_0_6_viv [\xbip_pipe_v3_0_6_viv(c_latency=...]
Compiling architecture synth of entity xbip_pipe_v3_0_6.xbip_pipe_v3_0_6_viv [\xbip_pipe_v3_0_6_viv(c_latency=...]
Compiling architecture synth of entity xbip_pipe_v3_0_6.xbip_pipe_v3_0_6_viv [\xbip_pipe_v3_0_6_viv(c_latency=...]
Compiling architecture synth of entity xbip_pipe_v3_0_6.xbip_pipe_v3_0_6_viv [\xbip_pipe_v3_0_6_viv(c_latency=...]
Compiling architecture synth of entity xbip_pipe_v3_0_6.xbip_pipe_v3_0_6_viv [\xbip_pipe_v3_0_6_viv(c_latency=...]
Compiling architecture synth of entity xbip_pipe_v3_0_6.xbip_pipe_v3_0_6_viv [\xbip_pipe_v3_0_6_viv(c_latency=...]
Compiling architecture synth of entity xbip_pipe_v3_0_6.xbip_pipe_v3_0_6_viv [\xbip_pipe_v3_0_6_viv(c_latency=...]
Compiling architecture synth of entity xbip_pipe_v3_0_6.xbip_pipe_v3_0_6_viv [\xbip_pipe_v3_0_6_viv(c_latency=...]
Compiling architecture synth of entity xbip_pipe_v3_0_6.xbip_pipe_v3_0_6_viv [\xbip_pipe_v3_0_6_viv(c_latency=...]
Compiling architecture synth of entity xbip_pipe_v3_0_6.xbip_pipe_v3_0_6_viv [\xbip_pipe_v3_0_6_viv(c_latency=...]
Compiling architecture synth of entity xbip_pipe_v3_0_6.xbip_pipe_v3_0_6_viv [\xbip_pipe_v3_0_6_viv(c_latency=...]
Compiling architecture synth of entity xbip_pipe_v3_0_6.xbip_pipe_v3_0_6_viv [\xbip_pipe_v3_0_6_viv(c_latency=...]
Compiling architecture synth of entity xbip_pipe_v3_0_6.xbip_pipe_v3_0_6_viv [\xbip_pipe_v3_0_6_viv(c_latency=...]
Compiling architecture synth of entity xbip_pipe_v3_0_6.xbip_pipe_v3_0_6_viv [\xbip_pipe_v3_0_6_viv(c_latency=...]
Compiling architecture synth of entity xbip_pipe_v3_0_6.xbip_pipe_v3_0_6_viv [\xbip_pipe_v3_0_6_viv(c_latency=...]
Compiling architecture synth of entity xbip_pipe_v3_0_6.xbip_pipe_v3_0_6_viv [\xbip_pipe_v3_0_6_viv(c_latency=...]
Compiling architecture synth of entity xbip_pipe_v3_0_6.xbip_pipe_v3_0_6_viv [\xbip_pipe_v3_0_6_viv(c_latency=...]
Compiling architecture rtl of entity div_gen_v5_1_16.c_addsub_lut6 [\c_addsub_lut6(c_width=33,c_add_...]
Compiling architecture synth of entity div_gen_v5_1_16.c_addsub_viv [\c_addsub_viv(c_a_width=33,c_b_w...]
Compiling architecture virtex of entity div_gen_v5_1_16.addsubreg_v [\addsubreg_v(c_bus_width=33,c_ha...]
Compiling architecture virtex of entity div_gen_v5_1_16.dividervdc_v [\dividervdc_v(bus_num=32,bus_div...]
Compiling architecture synth of entity div_gen_v5_1_16.c_twos_comp_viv [\c_twos_comp_viv(c_width=33,c_ai...]
Compiling architecture virtex of entity div_gen_v5_1_16.cmp2s_v [\cmp2s_v(c_bus_width=33,c_regist...]
Compiling architecture synth of entity div_gen_v5_1_16.bip_sdivider_synth [\bip_sdivider_synth(c_xdevicefam...]
Compiling architecture synth of entity div_gen_v5_1_16.div_gen_synth [\div_gen_synth(c_xdevicefamily="...]
Compiling architecture synth of entity xbip_pipe_v3_0_6.xbip_pipe_v3_0_6_viv [\xbip_pipe_v3_0_6_viv(c_latency=...]
Compiling architecture synth of entity div_gen_v5_1_16.div_gen_v5_1_16_viv [\div_gen_v5_1_16_viv(c_xdevicefa...]
Compiling architecture xilinx of entity div_gen_v5_1_16.div_gen_v5_1_16 [\div_gen_v5_1_16(c_xdevicefamily...]
Compiling architecture divider_arch of entity xil_defaultlib.divider [divider_default]
Compiling module xil_defaultlib.FU_div
Compiling module xil_defaultlib.cmp_32
Compiling module xil_defaultlib.FU_jump
Compiling module xil_defaultlib.MUX8T1_32
Compiling module xil_defaultlib.RV32core
Compiling module xil_defaultlib.Code2Inst
Compiling module unisims_ver.RB18_INTERNAL_VLOG(READ_WIDTH_A=...
Compiling module unisims_ver.RAMB18E1(INIT_00=256'b0111111010...
Compiling module unisims_ver.RAMB16_S1(INIT_00=256'b011111101...
Compiling module xil_defaultlib.FONT8_16
Compiling module xil_defaultlib.vga
Compiling module xil_defaultlib.VGA_TESTP
Compiling module xil_defaultlib.top
Compiling module xil_defaultlib.sim_top
Compiling module xil_defaultlib.glbl
Built simulation snapshot sim_top_behav

****** Webtalk v2020.1 (64-bit)
  **** SW Build 2902540 on Wed May 27 19:54:49 MDT 2020
  **** IP Build 2902112 on Wed May 27 22:43:36 MDT 2020
    ** Copyright 1986-2020 Xilinx, Inc. All Rights Reserved.

source C:/Users/lenovo/Desktop/Exp6/Exp6/Exp6.sim/sim_1/behav/xsim/xsim.dir/sim_top_behav/webtalk/xsim_webtalk.tcl -notrace
INFO: [Common 17-186] 'C:/Users/lenovo/Desktop/Exp6/Exp6/Exp6.sim/sim_1/behav/xsim/xsim.dir/sim_top_behav/webtalk/usage_statistics_ext_xsim.xml' has been successfully sent to Xilinx on Thu Dec 29 10:45:17 2022. For additional details about this file, please refer to the WebTalk help file at D:/vivado2020/Vivado/2020.1/doc/webtalk_introduction.html.
webtalk_transmit: Time (s): cpu = 00:00:00 ; elapsed = 00:00:06 . Memory (MB): peak = 96.277 ; gain = 0.000
INFO: [Common 17-206] Exiting Webtalk at Thu Dec 29 10:45:17 2022...
run_program: Time (s): cpu = 00:00:02 ; elapsed = 00:00:41 . Memory (MB): peak = 1731.316 ; gain = 0.000
INFO: [USF-XSim-69] 'elaborate' step finished in '41' seconds
INFO: [USF-XSim-4] XSim::Simulate design
INFO: [USF-XSim-61] Executing 'SIMULATE' step in 'C:/Users/lenovo/Desktop/Exp6/Exp6/Exp6.sim/sim_1/behav/xsim'
INFO: [USF-XSim-98] *** Running xsim
   with args "sim_top_behav -key {Behavioral:sim_1:Functional:sim_top} -tclbatch {sim_top.tcl} -view {C:/Users/lenovo/Desktop/Exp6/Exp6/code/sim/sim_top_behav.wcfg} -log {simulate.log}"
INFO: [USF-XSim-8] Loading simulator feature
Vivado Simulator 2020.1
Time resolution is 1 ps
open_wave_config C:/Users/lenovo/Desktop/Exp6/Exp6/code/sim/sim_top_behav.wcfg
source sim_top.tcl
# set curr_wave [current_wave_config]
# if { [string length $curr_wave] == 0 } {
#   if { [llength [get_objects]] > 0} {
#     add_wave /
#     set_property needs_save false [current_wave_config]
#   } else {
#      send_msg_id Add_Wave-1 WARNING "No top level signals found. Simulator will start without a wave window. If you want to open a wave window go to 'File->New Waveform Configuration' or type 'create_wave_config' in the TCL console."
#   }
# }
# run 1000ns
Warning: [Unisim MMCME2_ADV-20] Input CLKIN1 period and attribute CLKIN1_PERIOD are not same. Instance sim_top.uut.CLK_GEN.mmcm_adv_inst 
xsim: Time (s): cpu = 00:00:06 ; elapsed = 00:00:13 . Memory (MB): peak = 1731.316 ; gain = 0.000
INFO: [USF-XSim-96] XSim completed. Design snapshot 'sim_top_behav' loaded.
INFO: [USF-XSim-97] XSim simulation ran for 1000ns
launch_simulation: Time (s): cpu = 00:00:09 ; elapsed = 00:01:10 . Memory (MB): peak = 1731.316 ; gain = 0.000
restart
INFO: [Simtcl 6-17] Simulation restarted
run 45 us
Warning: [Unisim MMCME2_ADV-20] Input CLKIN1 period and attribute CLKIN1_PERIOD are not same. Instance sim_top.uut.CLK_GEN.mmcm_adv_inst 
close_sim
INFO: [Simtcl 6-16] Simulation closed
close_sim: Time (s): cpu = 00:00:02 ; elapsed = 00:00:29 . Memory (MB): peak = 1731.316 ; gain = 0.000
exit
INFO: [Common 17-206] Exiting Vivado at Fri Dec 30 14:00:52 2022...
