#-----------------------------------------------------------
# Vivado v2020.1 (64-bit)
# SW Build 2902540 on Wed May 27 19:54:49 MDT 2020
# IP Build 2902112 on Wed May 27 22:43:36 MDT 2020
# Start of session at: Tue Nov 15 18:54:14 2022
# Process ID: 46924
# Current directory: C:/Users/lenovo/Desktop/Exp4
# Command line: vivado.exe -gui_launcher_event rodinguilauncherevent65144 C:\Users\lenovo\Desktop\Exp4\Exp4.xpr
# Log file: C:/Users/lenovo/Desktop/Exp4/vivado.log
# Journal file: C:/Users/lenovo/Desktop/Exp4\vivado.jou
#-----------------------------------------------------------
start_gui
open_project C:/Users/lenovo/Desktop/Exp4/Exp4.xpr
INFO: [Project 1-313] Project file moved from 'C:/Users/Zonghui Wang/Desktop/risc v/Code4Teach/Exp4' since last save.
Scanning sources...
Finished scanning sources
INFO: [IP_Flow 19-234] Refreshing IP repositories
INFO: [IP_Flow 19-1704] No user IP repositories specified
INFO: [IP_Flow 19-2313] Loaded Vivado IP repository 'D:/vivado2020/Vivado/2020.1/data/ip'.
WARNING: [IP_Flow 19-2162] IP 'ROM_D' is locked:
* IP definition 'Distributed Memory Generator (8.0)' for IP 'ROM_D' (customized with software release 2018.2) has a different revision in the IP Catalog.
INFO: [Project 1-230] Project 'Exp4.xpr' upgraded for this version of Vivado.
open_project: Time (s): cpu = 00:00:26 ; elapsed = 00:00:31 . Memory (MB): peak = 1023.477 ; gain = 0.000
report_ip_status -name ip_status 
update_compile_order -fileset sources_1
upgrade_ip -srcset ROM_D -vlnv xilinx.com:ip:dist_mem_gen:8.0 [get_ips  ROM_D] -log ip_upgrade.log
Upgrading 'ROM_D'
INFO: [Project 1-386] Moving file 'C:/Users/lenovo/Desktop/Exp4/Exp4.srcs/sources_1/ip/ROM_D/ROM_D.xci' from fileset 'ROM_D' to fileset 'sources_1'.
INFO: [IP_Flow 19-3422] Upgraded ROM_D (Distributed Memory Generator 8.0) from revision 12 to revision 13
INFO: [IP_Flow 19-1686] Generating 'Instantiation Template' target for IP 'ROM_D'...
INFO: [Coretcl 2-1525] Wrote upgrade log to 'C:/Users/lenovo/Desktop/Exp4/ip_upgrade.log'.
upgrade_ip: Time (s): cpu = 00:00:03 ; elapsed = 00:00:10 . Memory (MB): peak = 1023.477 ; gain = 0.000
export_ip_user_files -of_objects [get_ips ROM_D] -no_script -sync -force -quiet
update_compile_order -fileset sources_1
reset_run synth_1
launch_runs synth_1 -jobs 4
INFO: [IP_Flow 19-1686] Generating 'Synthesis' target for IP 'ROM_D'...
WARNING: [HDL 9-3756] overwriting previous definition of module 'data_ram' [C:/Users/lenovo/Desktop/Exp4/code/cache/sim/data_ram.v:1]
WARNING: [filemgmt 20-1318] Duplicate Design Unit 'data_ram()' found in library 'xil_defaultlib'
Duplicate found at line 1 of file C:/Users/lenovo/Desktop/Exp4/code/cache/data_ram.v
	(Active) Duplicate found at line 1 of file C:/Users/lenovo/Desktop/Exp4/code/cache/sim/data_ram.v
[Tue Nov 15 19:49:16 2022] Launched ROM_D_synth_1...
Run output will be captured here: C:/Users/lenovo/Desktop/Exp4/Exp4.runs/ROM_D_synth_1/runme.log
[Tue Nov 15 19:49:17 2022] Launched synth_1...
Run output will be captured here: C:/Users/lenovo/Desktop/Exp4/Exp4.runs/synth_1/runme.log
launch_runs: Time (s): cpu = 00:00:03 ; elapsed = 00:00:14 . Memory (MB): peak = 1023.477 ; gain = 0.000
launch_runs impl_1 -jobs 4
[Tue Nov 15 20:04:44 2022] Launched impl_1...
Run output will be captured here: C:/Users/lenovo/Desktop/Exp4/Exp4.runs/impl_1/runme.log
launch_runs: Time (s): cpu = 00:00:01 ; elapsed = 00:00:07 . Memory (MB): peak = 1023.477 ; gain = 0.000
launch_runs impl_1 -to_step write_bitstream -jobs 4
[Tue Nov 15 20:19:18 2022] Launched impl_1...
Run output will be captured here: C:/Users/lenovo/Desktop/Exp4/Exp4.runs/impl_1/runme.log
open_hw_manager
open_hw_manager: Time (s): cpu = 00:00:04 ; elapsed = 00:00:05 . Memory (MB): peak = 1023.477 ; gain = 0.000
connect_hw_server -allow_non_jtag
INFO: [Labtools 27-2285] Connecting to hw_server url TCP:localhost:3121
INFO: [Labtools 27-2222] Launching hw_server...
INFO: [Labtools 27-2221] Launch Output:

****** Xilinx hw_server v2020.1
  **** Build date : May 27 2020 at 20:24:38
    ** Copyright 1986-2020 Xilinx, Inc. All Rights Reserved.


INFO: [Labtools 27-3415] Connecting to cs_server url TCP:localhost:3042
INFO: [Labtools 27-3417] Launching cs_server...
INFO: [Labtools 27-2221] Launch Output:


****** Xilinx cs_server v2020.1.0
  **** Build date : May 14 2020-09:10:29
    ** Copyright 2017-2020 Xilinx, Inc. All Rights Reserved.



connect_hw_server: Time (s): cpu = 00:00:00 ; elapsed = 00:00:15 . Memory (MB): peak = 1023.477 ; gain = 0.000
open_hw_target
INFO: [Labtoolstcl 44-466] Opening hw_target localhost:3121/xilinx_tcf/Digilent/201612300081
open_hw_target: Time (s): cpu = 00:00:07 ; elapsed = 00:00:14 . Memory (MB): peak = 2305.680 ; gain = 1282.203
set_property PROGRAM.FILE {C:/Users/lenovo/Desktop/Exp4/Exp4.runs/impl_1/top.bit} [get_hw_devices xc7k325t_0]
current_hw_device [get_hw_devices xc7k325t_0]
refresh_hw_device -update_hw_probes false [lindex [get_hw_devices xc7k325t_0] 0]
INFO: [Labtools 27-1434] Device xc7k325t (JTAG device index = 0) is programmed with a design that has no supported debug core(s) in it.
set_property PROBES.FILE {} [get_hw_devices xc7k325t_0]
set_property FULL_PROBES.FILE {} [get_hw_devices xc7k325t_0]
set_property PROGRAM.FILE {C:/Users/lenovo/Desktop/Exp4/Exp4.runs/impl_1/top.bit} [get_hw_devices xc7k325t_0]
program_hw_devices [get_hw_devices xc7k325t_0]
INFO: [Labtools 27-3164] End of startup status: HIGH
program_hw_devices: Time (s): cpu = 00:00:10 ; elapsed = 00:00:10 . Memory (MB): peak = 2317.102 ; gain = 0.004
refresh_hw_device [lindex [get_hw_devices xc7k325t_0] 0]
INFO: [Labtools 27-1434] Device xc7k325t (JTAG device index = 0) is programmed with a design that has no supported debug core(s) in it.
set_property PROBES.FILE {} [get_hw_devices xc7k325t_0]
set_property FULL_PROBES.FILE {} [get_hw_devices xc7k325t_0]
set_property PROGRAM.FILE {C:/Users/lenovo/Desktop/Exp4/Exp4.runs/impl_1/top.bit} [get_hw_devices xc7k325t_0]
program_hw_devices [get_hw_devices xc7k325t_0]
INFO: [Labtools 27-3164] End of startup status: HIGH
program_hw_devices: Time (s): cpu = 00:00:10 ; elapsed = 00:00:10 . Memory (MB): peak = 2320.316 ; gain = 0.000
refresh_hw_device [lindex [get_hw_devices xc7k325t_0] 0]
INFO: [Labtools 27-1434] Device xc7k325t (JTAG device index = 0) is programmed with a design that has no supported debug core(s) in it.
set_property PROBES.FILE {} [get_hw_devices xc7k325t_0]
set_property FULL_PROBES.FILE {} [get_hw_devices xc7k325t_0]
set_property PROGRAM.FILE {C:/Users/lenovo/Desktop/Exp4/Exp4.runs/impl_1/top.bit} [get_hw_devices xc7k325t_0]
program_hw_devices [get_hw_devices xc7k325t_0]
INFO: [Labtools 27-3164] End of startup status: HIGH
program_hw_devices: Time (s): cpu = 00:00:10 ; elapsed = 00:00:10 . Memory (MB): peak = 2321.312 ; gain = 0.000
refresh_hw_device [lindex [get_hw_devices xc7k325t_0] 0]
INFO: [Labtools 27-1434] Device xc7k325t (JTAG device index = 0) is programmed with a design that has no supported debug core(s) in it.
ERROR: [Labtoolstcl 44-513] HW Target shutdown. Closing target: localhost:3121/xilinx_tcf/Digilent/201612300081
exit
INFO: [Common 17-206] Exiting Vivado at Tue Nov 15 22:16:19 2022...
