Copyright 1986-2020 Xilinx, Inc. All Rights Reserved.
------------------------------------------------------------------------------------
| Tool Version : Vivado v.2020.1 (win64) Build 2902540 Wed May 27 19:54:49 MDT 2020
| Date         : Tue Nov 22 19:10:09 2022
| Host         : LAPTOP-GIMOV2AL running 64-bit major release  (build 9200)
| Command      : upgrade_ip
| Device       : xc7k325tffg676-2L
------------------------------------------------------------------------------------

Upgrade Log for IP 'multiplier'

1. Summary
----------

SUCCESS in the upgrade of multiplier (xilinx.com:ip:mult_gen:12.0) from (Rev. 14) to (Rev. 16)






Copyright 1986-2020 Xilinx, Inc. All Rights Reserved.
------------------------------------------------------------------------------------
| Tool Version : Vivado v.2020.1 (win64) Build 2902540 Wed May 27 19:54:49 MDT 2020
| Date         : Tue Nov 22 19:10:02 2022
| Host         : LAPTOP-GIMOV2AL running 64-bit major release  (build 9200)
| Command      : upgrade_ip
| Device       : xc7k325tffg676-2L
------------------------------------------------------------------------------------

Upgrade Log for IP 'divider'

1. Summary
----------

SUCCESS in the upgrade of divider (xilinx.com:ip:div_gen:5.1) from (Rev. 13) to (Rev. 16)

