#-----------------------------------------------------------
# Vivado v2020.1 (64-bit)
# SW Build 2902540 on Wed May 27 19:54:49 MDT 2020
# IP Build 2902112 on Wed May 27 22:43:36 MDT 2020
# Start of session at: Tue Nov 22 18:52:56 2022
# Process ID: 96368
# Current directory: C:/Users/lenovo/Desktop/Exp5
# Command line: vivado.exe -gui_launcher_event rodinguilauncherevent88496 C:\Users\lenovo\Desktop\Exp5\Exp5.xpr
# Log file: C:/Users/lenovo/Desktop/Exp5/vivado.log
# Journal file: C:/Users/lenovo/Desktop/Exp5\vivado.jou
#-----------------------------------------------------------
start_gui
open_project C:/Users/lenovo/Desktop/Exp5/Exp5.xpr
INFO: [Project 1-313] Project file moved from 'C:/Users/Zonghui Wang/Desktop/risc v/Code4Stu/Exp5' since last save.
Scanning sources...
Finished scanning sources
INFO: [IP_Flow 19-234] Refreshing IP repositories
INFO: [IP_Flow 19-1704] No user IP repositories specified
INFO: [IP_Flow 19-2313] Loaded Vivado IP repository 'D:/vivado2020/Vivado/2020.1/data/ip'.
WARNING: [IP_Flow 19-2162] IP 'multiplier' is locked:
* IP definition 'Multiplier (12.0)' for IP 'multiplier' (customized with software release 2018.2) has a different revision in the IP Catalog.
WARNING: [IP_Flow 19-2162] IP 'divider' is locked:
* IP definition 'Divider Generator (5.1)' for IP 'divider' (customized with software release 2018.2) has a different revision in the IP Catalog.
INFO: [Project 1-230] Project 'Exp5.xpr' upgraded for this version of Vivado.
open_project: Time (s): cpu = 00:00:25 ; elapsed = 00:00:41 . Memory (MB): peak = 1024.004 ; gain = 0.000
update_compile_order -fileset sources_1
report_ip_status -name ip_status 
upgrade_ip -srcset divider [get_ips  {divider multiplier}] -log ip_upgrade.log
Upgrading 'divider'
INFO: [Project 1-386] Moving file 'C:/Users/lenovo/Desktop/Exp5/Exp5.srcs/sources_1/ip/divider/divider.xci' from fileset 'divider' to fileset 'sources_1'.
INFO: [IP_Flow 19-3422] Upgraded divider (Divider Generator 5.1) from revision 13 to revision 16
INFO: [IP_Flow 19-1686] Generating 'Instantiation Template' target for IP 'divider'...
Upgrading 'multiplier'
INFO: [Project 1-386] Moving file 'C:/Users/lenovo/Desktop/Exp5/Exp5.srcs/sources_1/ip/multiplier/multiplier.xci' from fileset 'multiplier' to fileset 'sources_1'.
delete_fileset: Time (s): cpu = 00:00:02 ; elapsed = 00:00:05 . Memory (MB): peak = 1024.004 ; gain = 0.000
delete_ip_run: Time (s): cpu = 00:00:03 ; elapsed = 00:00:06 . Memory (MB): peak = 1024.004 ; gain = 0.000
INFO: [IP_Flow 19-3422] Upgraded multiplier (Multiplier 12.0) from revision 14 to revision 16
INFO: [IP_Flow 19-1686] Generating 'Instantiation Template' target for IP 'multiplier'...
INFO: [Coretcl 2-1525] Wrote upgrade log to 'C:/Users/lenovo/Desktop/Exp5/ip_upgrade.log'.
upgrade_ip: Time (s): cpu = 00:00:06 ; elapsed = 00:00:20 . Memory (MB): peak = 1024.004 ; gain = 0.000
export_ip_user_files -of_objects [get_ips {divider multiplier}] -no_script -sync -force -quiet
update_compile_order -fileset sources_1
report_ip_status -name ip_status 
exit
INFO: [Common 17-206] Exiting Vivado at Wed Nov 23 13:18:21 2022...
