#-----------------------------------------------------------
# Vivado v2020.1 (64-bit)
# SW Build 2902540 on Wed May 27 19:54:49 MDT 2020
# IP Build 2902112 on Wed May 27 22:43:36 MDT 2020
# Start of session at: Tue Sep 13 18:43:18 2022
# Process ID: 15128
# Current directory: C:/Users/lenovo/Desktop/Exp1
# Command line: vivado.exe -gui_launcher_event rodinguilauncherevent26264 C:\Users\lenovo\Desktop\Exp1\Exp1.xpr
# Log file: C:/Users/lenovo/Desktop/Exp1/vivado.log
# Journal file: C:/Users/lenovo/Desktop/Exp1\vivado.jou
#-----------------------------------------------------------
start_gui
open_project C:/Users/lenovo/Desktop/Exp1/Exp1.xpr
INFO: [Project 1-313] Project file moved from 'C:/Users/Zonghui Wang/Desktop/risc v/code/Exp1' since last save.
Scanning sources...
Finished scanning sources
INFO: [Project 1-230] Project 'Exp1.xpr' upgraded for this version of Vivado.
INFO: [IP_Flow 19-234] Refreshing IP repositories
INFO: [IP_Flow 19-1704] No user IP repositories specified
INFO: [IP_Flow 19-2313] Loaded Vivado IP repository 'D:/vivado2020/Vivado/2020.1/data/ip'.
open_project: Time (s): cpu = 00:00:18 ; elapsed = 00:00:14 . Memory (MB): peak = 1024.277 ; gain = 0.000
update_compile_order -fileset sources_1
exit
INFO: [Common 17-206] Exiting Vivado at Tue Sep 13 21:18:39 2022...
