#-----------------------------------------------------------
# Vivado v2020.1 (64-bit)
# SW Build 2902540 on Wed May 27 19:54:49 MDT 2020
# IP Build 2902112 on Wed May 27 22:43:36 MDT 2020
# Start of session at: Tue Sep 27 18:27:04 2022
# Process ID: 37768
# Current directory: C:/Users/lenovo/Desktop/Exp1
# Command line: vivado.exe -gui_launcher_event rodinguilauncherevent38576 C:\Users\lenovo\Desktop\Exp1\Exp1.xpr
# Log file: C:/Users/lenovo/Desktop/Exp1/vivado.log
# Journal file: C:/Users/lenovo/Desktop/Exp1\vivado.jou
#-----------------------------------------------------------
start_gui
open_project C:/Users/lenovo/Desktop/Exp1/Exp1.xpr
Scanning sources...
Finished scanning sources
INFO: [IP_Flow 19-234] Refreshing IP repositories
INFO: [IP_Flow 19-1704] No user IP repositories specified
INFO: [IP_Flow 19-2313] Loaded Vivado IP repository 'D:/vivado2020/Vivado/2020.1/data/ip'.
open_project: Time (s): cpu = 00:00:15 ; elapsed = 00:00:14 . Memory (MB): peak = 1015.496 ; gain = 0.000
update_compile_order -fileset sources_1
exit
INFO: [Common 17-206] Exiting Vivado at Tue Sep 27 19:02:31 2022...
