#-----------------------------------------------------------
# Vivado v2020.1 (64-bit)
# SW Build 2902540 on Wed May 27 19:54:49 MDT 2020
# IP Build 2902112 on Wed May 27 22:43:36 MDT 2020
# Start of session at: Mon Sep 26 21:26:58 2022
# Process ID: 35004
# Current directory: C:/Users/lenovo/Desktop/Exp1
# Command line: vivado.exe -gui_launcher_event rodinguilauncherevent34640 C:\Users\lenovo\Desktop\Exp1\Exp1.xpr
# Log file: C:/Users/lenovo/Desktop/Exp1/vivado.log
# Journal file: C:/Users/lenovo/Desktop/Exp1\vivado.jou
#-----------------------------------------------------------
start_gui
open_project C:/Users/lenovo/Desktop/Exp1/Exp1.xpr
Scanning sources...
Finished scanning sources
INFO: [IP_Flow 19-234] Refreshing IP repositories
INFO: [IP_Flow 19-1704] No user IP repositories specified
INFO: [IP_Flow 19-2313] Loaded Vivado IP repository 'D:/vivado2020/Vivado/2020.1/data/ip'.
open_project: Time (s): cpu = 00:00:15 ; elapsed = 00:00:12 . Memory (MB): peak = 1223.355 ; gain = 0.000
update_compile_order -fileset sources_1
reset_run synth_1
launch_runs synth_1 -jobs 4
[Mon Sep 26 21:28:29 2022] Launched synth_1...
Run output will be captured here: C:/Users/lenovo/Desktop/Exp1/Exp1.runs/synth_1/runme.log
exit
INFO: [Common 17-206] Exiting Vivado at Tue Sep 27 10:45:56 2022...
