#-----------------------------------------------------------
# Vivado v2020.1 (64-bit)
# SW Build 2902540 on Wed May 27 19:54:49 MDT 2020
# IP Build 2902112 on Wed May 27 22:43:36 MDT 2020
# Start of session at: Tue Nov  8 19:05:11 2022
# Process ID: 37500
# Current directory: C:/Users/lenovo/Desktop/Exp2
# Command line: vivado.exe -gui_launcher_event rodinguilauncherevent36540 C:\Users\lenovo\Desktop\Exp2\Exp2.xpr
# Log file: C:/Users/lenovo/Desktop/Exp2/vivado.log
# Journal file: C:/Users/lenovo/Desktop/Exp2\vivado.jou
#-----------------------------------------------------------
start_gui
open_project C:/Users/lenovo/Desktop/Exp2/Exp2.xpr
Scanning sources...
Finished scanning sources
INFO: [IP_Flow 19-234] Refreshing IP repositories
INFO: [IP_Flow 19-1704] No user IP repositories specified
INFO: [IP_Flow 19-2313] Loaded Vivado IP repository 'D:/vivado2020/Vivado/2020.1/data/ip'.
open_project: Time (s): cpu = 00:00:20 ; elapsed = 00:00:26 . Memory (MB): peak = 1036.316 ; gain = 0.000
update_compile_order -fileset sources_1
open_hw_manager
connect_hw_server -allow_non_jtag
INFO: [Labtools 27-2285] Connecting to hw_server url TCP:localhost:3121
INFO: [Labtools 27-2222] Launching hw_server...
INFO: [Labtools 27-2221] Launch Output:

****** Xilinx hw_server v2020.1
  **** Build date : May 27 2020 at 20:24:38
    ** Copyright 1986-2020 Xilinx, Inc. All Rights Reserved.


INFO: [Labtools 27-3415] Connecting to cs_server url TCP:localhost:3042
INFO: [Labtools 27-3417] Launching cs_server...
INFO: [Labtools 27-2221] Launch Output:


****** Xilinx cs_server v2020.1.0
  **** Build date : May 14 2020-09:10:29
    ** Copyright 2017-2020 Xilinx, Inc. All Rights Reserved.



connect_hw_server: Time (s): cpu = 00:00:01 ; elapsed = 00:00:10 . Memory (MB): peak = 1036.316 ; gain = 0.000
open_hw_target
INFO: [Labtoolstcl 44-466] Opening hw_target localhost:3121/xilinx_tcf/Digilent/201612300081
open_hw_target: Time (s): cpu = 00:00:06 ; elapsed = 00:00:10 . Memory (MB): peak = 2247.930 ; gain = 1211.613
set_property PROGRAM.FILE {C:/Users/lenovo/Desktop/Exp2/Exp2.runs/impl_1/top.bit} [get_hw_devices xc7k325t_0]
current_hw_device [get_hw_devices xc7k325t_0]
refresh_hw_device -update_hw_probes false [lindex [get_hw_devices xc7k325t_0] 0]
INFO: [Labtools 27-1434] Device xc7k325t (JTAG device index = 0) is programmed with a design that has no supported debug core(s) in it.
set_property PROBES.FILE {} [get_hw_devices xc7k325t_0]
set_property FULL_PROBES.FILE {} [get_hw_devices xc7k325t_0]
set_property PROGRAM.FILE {C:/Users/lenovo/Desktop/Exp2/Exp2.runs/impl_1/top.bit} [get_hw_devices xc7k325t_0]
program_hw_devices [get_hw_devices xc7k325t_0]
INFO: [Labtools 27-3164] End of startup status: HIGH
program_hw_devices: Time (s): cpu = 00:00:10 ; elapsed = 00:00:10 . Memory (MB): peak = 2265.297 ; gain = 0.000
refresh_hw_device [lindex [get_hw_devices xc7k325t_0] 0]
INFO: [Labtools 27-1434] Device xc7k325t (JTAG device index = 0) is programmed with a design that has no supported debug core(s) in it.
close_hw_manager
reset_run synth_1
launch_runs synth_1 -jobs 4
[Tue Nov  8 21:01:50 2022] Launched synth_1...
Run output will be captured here: C:/Users/lenovo/Desktop/Exp2/Exp2.runs/synth_1/runme.log
launch_runs impl_1 -jobs 4
[Tue Nov  8 21:06:13 2022] Launched impl_1...
Run output will be captured here: C:/Users/lenovo/Desktop/Exp2/Exp2.runs/impl_1/runme.log
launch_runs impl_1 -to_step write_bitstream -jobs 4
[Tue Nov  8 23:35:32 2022] Launched impl_1...
Run output will be captured here: C:/Users/lenovo/Desktop/Exp2/Exp2.runs/impl_1/runme.log
exit
INFO: [Common 17-206] Exiting Vivado at Wed Nov  9 12:25:47 2022...
