INFO: [VRFC 10-2263] Analyzing Verilog file "C:/Users/lenovo/Desktop/Exp5/Exp5.srcs/sources_1/ip/divider/divider_sim_netlist.v" into library xil_defaultlib
INFO: [VRFC 10-311] analyzing module divider
INFO: [VRFC 10-311] analyzing module divider_div_gen_v5_1_16
INFO: [VRFC 10-311] analyzing module divider_addsubreg_v
INFO: [VRFC 10-311] analyzing module divider_addsubreg_v_10
INFO: [VRFC 10-311] analyzing module divider_addsubreg_v_12
INFO: [VRFC 10-311] analyzing module divider_addsubreg_v_14
INFO: [VRFC 10-311] analyzing module divider_addsubreg_v_16
INFO: [VRFC 10-311] analyzing module divider_addsubreg_v_18
INFO: [VRFC 10-311] analyzing module divider_addsubreg_v_2
INFO: [VRFC 10-311] analyzing module divider_addsubreg_v_20
INFO: [VRFC 10-311] analyzing module divider_addsubreg_v_22
INFO: [VRFC 10-311] analyzing module divider_addsubreg_v_24
INFO: [VRFC 10-311] analyzing module divider_addsubreg_v_26
INFO: [VRFC 10-311] analyzing module divider_addsubreg_v_28
INFO: [VRFC 10-311] analyzing module divider_addsubreg_v_30
INFO: [VRFC 10-311] analyzing module divider_addsubreg_v_32
INFO: [VRFC 10-311] analyzing module divider_addsubreg_v_34
INFO: [VRFC 10-311] analyzing module divider_addsubreg_v_36
INFO: [VRFC 10-311] analyzing module divider_addsubreg_v_38
INFO: [VRFC 10-311] analyzing module divider_addsubreg_v_4
INFO: [VRFC 10-311] analyzing module divider_addsubreg_v_40
INFO: [VRFC 10-311] analyzing module divider_addsubreg_v_42
INFO: [VRFC 10-311] analyzing module divider_addsubreg_v_44
INFO: [VRFC 10-311] analyzing module divider_addsubreg_v_46
INFO: [VRFC 10-311] analyzing module divider_addsubreg_v_48
INFO: [VRFC 10-311] analyzing module divider_addsubreg_v_51
INFO: [VRFC 10-311] analyzing module divider_addsubreg_v_53
INFO: [VRFC 10-311] analyzing module divider_addsubreg_v_55
INFO: [VRFC 10-311] analyzing module divider_addsubreg_v_57
INFO: [VRFC 10-311] analyzing module divider_addsubreg_v_59
INFO: [VRFC 10-311] analyzing module divider_addsubreg_v_6
INFO: [VRFC 10-311] analyzing module divider_addsubreg_v_61
INFO: [VRFC 10-311] analyzing module divider_addsubreg_v_63
INFO: [VRFC 10-311] analyzing module divider_addsubreg_v_8
INFO: [VRFC 10-311] analyzing module divider_addsubreg_v__parameterized0
INFO: [VRFC 10-311] analyzing module divider_bip_sdivider_synth
INFO: [VRFC 10-311] analyzing module divider_c_addsub_lut6
INFO: [VRFC 10-311] analyzing module divider_c_addsub_lut6_102
INFO: [VRFC 10-311] analyzing module divider_c_addsub_lut6_107
INFO: [VRFC 10-311] analyzing module divider_c_addsub_lut6_112
INFO: [VRFC 10-311] analyzing module divider_c_addsub_lut6_117
INFO: [VRFC 10-311] analyzing module divider_c_addsub_lut6_122
INFO: [VRFC 10-311] analyzing module divider_c_addsub_lut6_127
INFO: [VRFC 10-311] analyzing module divider_c_addsub_lut6_132
INFO: [VRFC 10-311] analyzing module divider_c_addsub_lut6_137
INFO: [VRFC 10-311] analyzing module divider_c_addsub_lut6_142
INFO: [VRFC 10-311] analyzing module divider_c_addsub_lut6_147
INFO: [VRFC 10-311] analyzing module divider_c_addsub_lut6_152
INFO: [VRFC 10-311] analyzing module divider_c_addsub_lut6_157
INFO: [VRFC 10-311] analyzing module divider_c_addsub_lut6_162
INFO: [VRFC 10-311] analyzing module divider_c_addsub_lut6_167
INFO: [VRFC 10-311] analyzing module divider_c_addsub_lut6_172
INFO: [VRFC 10-311] analyzing module divider_c_addsub_lut6_177
INFO: [VRFC 10-311] analyzing module divider_c_addsub_lut6_182
INFO: [VRFC 10-311] analyzing module divider_c_addsub_lut6_187
INFO: [VRFC 10-311] analyzing module divider_c_addsub_lut6_192
INFO: [VRFC 10-311] analyzing module divider_c_addsub_lut6_197
INFO: [VRFC 10-311] analyzing module divider_c_addsub_lut6_202
INFO: [VRFC 10-311] analyzing module divider_c_addsub_lut6_207
INFO: [VRFC 10-311] analyzing module divider_c_addsub_lut6_212
INFO: [VRFC 10-311] analyzing module divider_c_addsub_lut6_217
INFO: [VRFC 10-311] analyzing module divider_c_addsub_lut6_222
INFO: [VRFC 10-311] analyzing module divider_c_addsub_lut6_72
INFO: [VRFC 10-311] analyzing module divider_c_addsub_lut6_77
INFO: [VRFC 10-311] analyzing module divider_c_addsub_lut6_82
INFO: [VRFC 10-311] analyzing module divider_c_addsub_lut6_87
INFO: [VRFC 10-311] analyzing module divider_c_addsub_lut6_92
INFO: [VRFC 10-311] analyzing module divider_c_addsub_lut6_97
INFO: [VRFC 10-311] analyzing module divider_c_addsub_lut6__parameterized1
INFO: [VRFC 10-311] analyzing module divider_c_addsub_viv
INFO: [VRFC 10-311] analyzing module divider_c_addsub_viv_101
INFO: [VRFC 10-311] analyzing module divider_c_addsub_viv_106
INFO: [VRFC 10-311] analyzing module divider_c_addsub_viv_111
INFO: [VRFC 10-311] analyzing module divider_c_addsub_viv_116
INFO: [VRFC 10-311] analyzing module divider_c_addsub_viv_121
INFO: [VRFC 10-311] analyzing module divider_c_addsub_viv_126
INFO: [VRFC 10-311] analyzing module divider_c_addsub_viv_131
INFO: [VRFC 10-311] analyzing module divider_c_addsub_viv_136
INFO: [VRFC 10-311] analyzing module divider_c_addsub_viv_141
INFO: [VRFC 10-311] analyzing module divider_c_addsub_viv_146
INFO: [VRFC 10-311] analyzing module divider_c_addsub_viv_151
INFO: [VRFC 10-311] analyzing module divider_c_addsub_viv_156
INFO: [VRFC 10-311] analyzing module divider_c_addsub_viv_161
INFO: [VRFC 10-311] analyzing module divider_c_addsub_viv_166
INFO: [VRFC 10-311] analyzing module divider_c_addsub_viv_171
INFO: [VRFC 10-311] analyzing module divider_c_addsub_viv_176
INFO: [VRFC 10-311] analyzing module divider_c_addsub_viv_181
INFO: [VRFC 10-311] analyzing module divider_c_addsub_viv_186
INFO: [VRFC 10-311] analyzing module divider_c_addsub_viv_191
INFO: [VRFC 10-311] analyzing module divider_c_addsub_viv_196
INFO: [VRFC 10-311] analyzing module divider_c_addsub_viv_201
INFO: [VRFC 10-311] analyzing module divider_c_addsub_viv_206
INFO: [VRFC 10-311] analyzing module divider_c_addsub_viv_211
INFO: [VRFC 10-311] analyzing module divider_c_addsub_viv_216
INFO: [VRFC 10-311] analyzing module divider_c_addsub_viv_221
INFO: [VRFC 10-311] analyzing module divider_c_addsub_viv_71
INFO: [VRFC 10-311] analyzing module divider_c_addsub_viv_76
INFO: [VRFC 10-311] analyzing module divider_c_addsub_viv_81
INFO: [VRFC 10-311] analyzing module divider_c_addsub_viv_86
INFO: [VRFC 10-311] analyzing module divider_c_addsub_viv_91
INFO: [VRFC 10-311] analyzing module divider_c_addsub_viv_96
INFO: [VRFC 10-311] analyzing module divider_c_addsub_viv__parameterized0
INFO: [VRFC 10-311] analyzing module divider_c_twos_comp_viv
INFO: [VRFC 10-311] analyzing module divider_c_twos_comp_viv__parameterized0
INFO: [VRFC 10-311] analyzing module divider_c_twos_comp_viv__parameterized1
INFO: [VRFC 10-311] analyzing module divider_c_twos_comp_viv__parameterized1_1
INFO: [VRFC 10-311] analyzing module divider_cmp2s_v
INFO: [VRFC 10-311] analyzing module divider_cmp2s_v__parameterized0
INFO: [VRFC 10-311] analyzing module divider_cmp2s_v__parameterized1
INFO: [VRFC 10-311] analyzing module divider_cmp2s_v__parameterized1_0
INFO: [VRFC 10-311] analyzing module divider_div_gen_synth
INFO: [VRFC 10-311] analyzing module divider_div_gen_v5_1_16_viv
INFO: [VRFC 10-311] analyzing module divider_dividervdc_v
INFO: [VRFC 10-311] analyzing module divider_xbip_pipe_v3_0_6_viv
INFO: [VRFC 10-311] analyzing module divider_xbip_pipe_v3_0_6_viv__parameterized1
INFO: [VRFC 10-311] analyzing module divider_xbip_pipe_v3_0_6_viv__parameterized101
INFO: [VRFC 10-311] analyzing module divider_xbip_pipe_v3_0_6_viv__parameterized103
INFO: [VRFC 10-311] analyzing module divider_xbip_pipe_v3_0_6_viv__parameterized105
INFO: [VRFC 10-311] analyzing module divider_xbip_pipe_v3_0_6_viv__parameterized107
INFO: [VRFC 10-311] analyzing module divider_xbip_pipe_v3_0_6_viv__parameterized109
INFO: [VRFC 10-311] analyzing module divider_xbip_pipe_v3_0_6_viv__parameterized11
INFO: [VRFC 10-311] analyzing module divider_xbip_pipe_v3_0_6_viv__parameterized111
INFO: [VRFC 10-311] analyzing module divider_xbip_pipe_v3_0_6_viv__parameterized113
INFO: [VRFC 10-311] analyzing module divider_xbip_pipe_v3_0_6_viv__parameterized115
INFO: [VRFC 10-311] analyzing module divider_xbip_pipe_v3_0_6_viv__parameterized117
INFO: [VRFC 10-311] analyzing module divider_xbip_pipe_v3_0_6_viv__parameterized119
INFO: [VRFC 10-311] analyzing module divider_xbip_pipe_v3_0_6_viv__parameterized121
INFO: [VRFC 10-311] analyzing module divider_xbip_pipe_v3_0_6_viv__parameterized123
INFO: [VRFC 10-311] analyzing module divider_xbip_pipe_v3_0_6_viv__parameterized125
INFO: [VRFC 10-311] analyzing module divider_xbip_pipe_v3_0_6_viv__parameterized127
INFO: [VRFC 10-311] analyzing module divider_xbip_pipe_v3_0_6_viv__parameterized129
INFO: [VRFC 10-311] analyzing module divider_xbip_pipe_v3_0_6_viv__parameterized13
INFO: [VRFC 10-311] analyzing module divider_xbip_pipe_v3_0_6_viv__parameterized132
INFO: [VRFC 10-311] analyzing module divider_xbip_pipe_v3_0_6_viv__parameterized134
INFO: [VRFC 10-311] analyzing module divider_xbip_pipe_v3_0_6_viv__parameterized15
INFO: [VRFC 10-311] analyzing module divider_xbip_pipe_v3_0_6_viv__parameterized17
INFO: [VRFC 10-311] analyzing module divider_xbip_pipe_v3_0_6_viv__parameterized19
INFO: [VRFC 10-311] analyzing module divider_xbip_pipe_v3_0_6_viv__parameterized21
INFO: [VRFC 10-311] analyzing module divider_xbip_pipe_v3_0_6_viv__parameterized23
INFO: [VRFC 10-311] analyzing module divider_xbip_pipe_v3_0_6_viv__parameterized25
INFO: [VRFC 10-311] analyzing module divider_xbip_pipe_v3_0_6_viv__parameterized27
INFO: [VRFC 10-311] analyzing module divider_xbip_pipe_v3_0_6_viv__parameterized29
INFO: [VRFC 10-311] analyzing module divider_xbip_pipe_v3_0_6_viv__parameterized3
INFO: [VRFC 10-311] analyzing module divider_xbip_pipe_v3_0_6_viv__parameterized31
INFO: [VRFC 10-311] analyzing module divider_xbip_pipe_v3_0_6_viv__parameterized33
INFO: [VRFC 10-311] analyzing module divider_xbip_pipe_v3_0_6_viv__parameterized35
INFO: [VRFC 10-311] analyzing module divider_xbip_pipe_v3_0_6_viv__parameterized37
INFO: [VRFC 10-311] analyzing module divider_xbip_pipe_v3_0_6_viv__parameterized39
INFO: [VRFC 10-311] analyzing module divider_xbip_pipe_v3_0_6_viv__parameterized3_66
INFO: [VRFC 10-311] analyzing module divider_xbip_pipe_v3_0_6_viv__parameterized41
INFO: [VRFC 10-311] analyzing module divider_xbip_pipe_v3_0_6_viv__parameterized43
INFO: [VRFC 10-311] analyzing module divider_xbip_pipe_v3_0_6_viv__parameterized45
INFO: [VRFC 10-311] analyzing module divider_xbip_pipe_v3_0_6_viv__parameterized47
INFO: [VRFC 10-311] analyzing module divider_xbip_pipe_v3_0_6_viv__parameterized49
INFO: [VRFC 10-311] analyzing module divider_xbip_pipe_v3_0_6_viv__parameterized5
INFO: [VRFC 10-311] analyzing module divider_xbip_pipe_v3_0_6_viv__parameterized51
INFO: [VRFC 10-311] analyzing module divider_xbip_pipe_v3_0_6_viv__parameterized53
INFO: [VRFC 10-311] analyzing module divider_xbip_pipe_v3_0_6_viv__parameterized55
INFO: [VRFC 10-311] analyzing module divider_xbip_pipe_v3_0_6_viv__parameterized57
INFO: [VRFC 10-311] analyzing module divider_xbip_pipe_v3_0_6_viv__parameterized59
INFO: [VRFC 10-311] analyzing module divider_xbip_pipe_v3_0_6_viv__parameterized5_11
INFO: [VRFC 10-311] analyzing module divider_xbip_pipe_v3_0_6_viv__parameterized5_13
INFO: [VRFC 10-311] analyzing module divider_xbip_pipe_v3_0_6_viv__parameterized5_15
INFO: [VRFC 10-311] analyzing module divider_xbip_pipe_v3_0_6_viv__parameterized5_17
INFO: [VRFC 10-311] analyzing module divider_xbip_pipe_v3_0_6_viv__parameterized5_19
INFO: [VRFC 10-311] analyzing module divider_xbip_pipe_v3_0_6_viv__parameterized5_21
INFO: [VRFC 10-311] analyzing module divider_xbip_pipe_v3_0_6_viv__parameterized5_23
INFO: [VRFC 10-311] analyzing module divider_xbip_pipe_v3_0_6_viv__parameterized5_25
INFO: [VRFC 10-311] analyzing module divider_xbip_pipe_v3_0_6_viv__parameterized5_27
INFO: [VRFC 10-311] analyzing module divider_xbip_pipe_v3_0_6_viv__parameterized5_29
INFO: [VRFC 10-311] analyzing module divider_xbip_pipe_v3_0_6_viv__parameterized5_3
INFO: [VRFC 10-311] analyzing module divider_xbip_pipe_v3_0_6_viv__parameterized5_31
INFO: [VRFC 10-311] analyzing module divider_xbip_pipe_v3_0_6_viv__parameterized5_33
INFO: [VRFC 10-311] analyzing module divider_xbip_pipe_v3_0_6_viv__parameterized5_35
INFO: [VRFC 10-311] analyzing module divider_xbip_pipe_v3_0_6_viv__parameterized5_37
INFO: [VRFC 10-311] analyzing module divider_xbip_pipe_v3_0_6_viv__parameterized5_39
INFO: [VRFC 10-311] analyzing module divider_xbip_pipe_v3_0_6_viv__parameterized5_41
INFO: [VRFC 10-311] analyzing module divider_xbip_pipe_v3_0_6_viv__parameterized5_43
INFO: [VRFC 10-311] analyzing module divider_xbip_pipe_v3_0_6_viv__parameterized5_45
INFO: [VRFC 10-311] analyzing module divider_xbip_pipe_v3_0_6_viv__parameterized5_47
INFO: [VRFC 10-311] analyzing module divider_xbip_pipe_v3_0_6_viv__parameterized5_49
INFO: [VRFC 10-311] analyzing module divider_xbip_pipe_v3_0_6_viv__parameterized5_5
INFO: [VRFC 10-311] analyzing module divider_xbip_pipe_v3_0_6_viv__parameterized5_52
INFO: [VRFC 10-311] analyzing module divider_xbip_pipe_v3_0_6_viv__parameterized5_54
INFO: [VRFC 10-311] analyzing module divider_xbip_pipe_v3_0_6_viv__parameterized5_56
INFO: [VRFC 10-311] analyzing module divider_xbip_pipe_v3_0_6_viv__parameterized5_58
INFO: [VRFC 10-311] analyzing module divider_xbip_pipe_v3_0_6_viv__parameterized5_60
INFO: [VRFC 10-311] analyzing module divider_xbip_pipe_v3_0_6_viv__parameterized5_62
INFO: [VRFC 10-311] analyzing module divider_xbip_pipe_v3_0_6_viv__parameterized5_64
INFO: [VRFC 10-311] analyzing module divider_xbip_pipe_v3_0_6_viv__parameterized5_65
INFO: [VRFC 10-311] analyzing module divider_xbip_pipe_v3_0_6_viv__parameterized5_7
INFO: [VRFC 10-311] analyzing module divider_xbip_pipe_v3_0_6_viv__parameterized5_9
INFO: [VRFC 10-311] analyzing module divider_xbip_pipe_v3_0_6_viv__parameterized61
INFO: [VRFC 10-311] analyzing module divider_xbip_pipe_v3_0_6_viv__parameterized63
INFO: [VRFC 10-311] analyzing module divider_xbip_pipe_v3_0_6_viv__parameterized65
INFO: [VRFC 10-311] analyzing module divider_xbip_pipe_v3_0_6_viv__parameterized67
INFO: [VRFC 10-311] analyzing module divider_xbip_pipe_v3_0_6_viv__parameterized69
INFO: [VRFC 10-311] analyzing module divider_xbip_pipe_v3_0_6_viv__parameterized7
INFO: [VRFC 10-311] analyzing module divider_xbip_pipe_v3_0_6_viv__parameterized71
INFO: [VRFC 10-311] analyzing module divider_xbip_pipe_v3_0_6_viv__parameterized73
INFO: [VRFC 10-311] analyzing module divider_xbip_pipe_v3_0_6_viv__parameterized75
INFO: [VRFC 10-311] analyzing module divider_xbip_pipe_v3_0_6_viv__parameterized77
INFO: [VRFC 10-311] analyzing module divider_xbip_pipe_v3_0_6_viv__parameterized79
INFO: [VRFC 10-311] analyzing module divider_xbip_pipe_v3_0_6_viv__parameterized7_100
INFO: [VRFC 10-311] analyzing module divider_xbip_pipe_v3_0_6_viv__parameterized7_103
INFO: [VRFC 10-311] analyzing module divider_xbip_pipe_v3_0_6_viv__parameterized7_105
INFO: [VRFC 10-311] analyzing module divider_xbip_pipe_v3_0_6_viv__parameterized7_108
INFO: [VRFC 10-311] analyzing module divider_xbip_pipe_v3_0_6_viv__parameterized7_110
INFO: [VRFC 10-311] analyzing module divider_xbip_pipe_v3_0_6_viv__parameterized7_113
INFO: [VRFC 10-311] analyzing module divider_xbip_pipe_v3_0_6_viv__parameterized7_115
INFO: [VRFC 10-311] analyzing module divider_xbip_pipe_v3_0_6_viv__parameterized7_118
INFO: [VRFC 10-311] analyzing module divider_xbip_pipe_v3_0_6_viv__parameterized7_120
INFO: [VRFC 10-311] analyzing module divider_xbip_pipe_v3_0_6_viv__parameterized7_123
INFO: [VRFC 10-311] analyzing module divider_xbip_pipe_v3_0_6_viv__parameterized7_125
INFO: [VRFC 10-311] analyzing module divider_xbip_pipe_v3_0_6_viv__parameterized7_128
INFO: [VRFC 10-311] analyzing module divider_xbip_pipe_v3_0_6_viv__parameterized7_130
INFO: [VRFC 10-311] analyzing module divider_xbip_pipe_v3_0_6_viv__parameterized7_133
INFO: [VRFC 10-311] analyzing module divider_xbip_pipe_v3_0_6_viv__parameterized7_135
INFO: [VRFC 10-311] analyzing module divider_xbip_pipe_v3_0_6_viv__parameterized7_138
INFO: [VRFC 10-311] analyzing module divider_xbip_pipe_v3_0_6_viv__parameterized7_140
INFO: [VRFC 10-311] analyzing module divider_xbip_pipe_v3_0_6_viv__parameterized7_143
INFO: [VRFC 10-311] analyzing module divider_xbip_pipe_v3_0_6_viv__parameterized7_145
INFO: [VRFC 10-311] analyzing module divider_xbip_pipe_v3_0_6_viv__parameterized7_148
INFO: [VRFC 10-311] analyzing module divider_xbip_pipe_v3_0_6_viv__parameterized7_150
INFO: [VRFC 10-311] analyzing module divider_xbip_pipe_v3_0_6_viv__parameterized7_153
INFO: [VRFC 10-311] analyzing module divider_xbip_pipe_v3_0_6_viv__parameterized7_155
INFO: [VRFC 10-311] analyzing module divider_xbip_pipe_v3_0_6_viv__parameterized7_158
INFO: [VRFC 10-311] analyzing module divider_xbip_pipe_v3_0_6_viv__parameterized7_160
INFO: [VRFC 10-311] analyzing module divider_xbip_pipe_v3_0_6_viv__parameterized7_163
INFO: [VRFC 10-311] analyzing module divider_xbip_pipe_v3_0_6_viv__parameterized7_165
INFO: [VRFC 10-311] analyzing module divider_xbip_pipe_v3_0_6_viv__parameterized7_168
INFO: [VRFC 10-311] analyzing module divider_xbip_pipe_v3_0_6_viv__parameterized7_170
INFO: [VRFC 10-311] analyzing module divider_xbip_pipe_v3_0_6_viv__parameterized7_173
INFO: [VRFC 10-311] analyzing module divider_xbip_pipe_v3_0_6_viv__parameterized7_175
INFO: [VRFC 10-311] analyzing module divider_xbip_pipe_v3_0_6_viv__parameterized7_178
INFO: [VRFC 10-311] analyzing module divider_xbip_pipe_v3_0_6_viv__parameterized7_180
INFO: [VRFC 10-311] analyzing module divider_xbip_pipe_v3_0_6_viv__parameterized7_183
INFO: [VRFC 10-311] analyzing module divider_xbip_pipe_v3_0_6_viv__parameterized7_185
INFO: [VRFC 10-311] analyzing module divider_xbip_pipe_v3_0_6_viv__parameterized7_188
INFO: [VRFC 10-311] analyzing module divider_xbip_pipe_v3_0_6_viv__parameterized7_190
INFO: [VRFC 10-311] analyzing module divider_xbip_pipe_v3_0_6_viv__parameterized7_193
INFO: [VRFC 10-311] analyzing module divider_xbip_pipe_v3_0_6_viv__parameterized7_195
INFO: [VRFC 10-311] analyzing module divider_xbip_pipe_v3_0_6_viv__parameterized7_198
INFO: [VRFC 10-311] analyzing module divider_xbip_pipe_v3_0_6_viv__parameterized7_200
INFO: [VRFC 10-311] analyzing module divider_xbip_pipe_v3_0_6_viv__parameterized7_203
INFO: [VRFC 10-311] analyzing module divider_xbip_pipe_v3_0_6_viv__parameterized7_205
INFO: [VRFC 10-311] analyzing module divider_xbip_pipe_v3_0_6_viv__parameterized7_208
INFO: [VRFC 10-311] analyzing module divider_xbip_pipe_v3_0_6_viv__parameterized7_210
INFO: [VRFC 10-311] analyzing module divider_xbip_pipe_v3_0_6_viv__parameterized7_213
INFO: [VRFC 10-311] analyzing module divider_xbip_pipe_v3_0_6_viv__parameterized7_215
INFO: [VRFC 10-311] analyzing module divider_xbip_pipe_v3_0_6_viv__parameterized7_218
INFO: [VRFC 10-311] analyzing module divider_xbip_pipe_v3_0_6_viv__parameterized7_220
INFO: [VRFC 10-311] analyzing module divider_xbip_pipe_v3_0_6_viv__parameterized7_223
INFO: [VRFC 10-311] analyzing module divider_xbip_pipe_v3_0_6_viv__parameterized7_225
INFO: [VRFC 10-311] analyzing module divider_xbip_pipe_v3_0_6_viv__parameterized7_50
INFO: [VRFC 10-311] analyzing module divider_xbip_pipe_v3_0_6_viv__parameterized7_67
INFO: [VRFC 10-311] analyzing module divider_xbip_pipe_v3_0_6_viv__parameterized7_68
INFO: [VRFC 10-311] analyzing module divider_xbip_pipe_v3_0_6_viv__parameterized7_69
INFO: [VRFC 10-311] analyzing module divider_xbip_pipe_v3_0_6_viv__parameterized7_70
INFO: [VRFC 10-311] analyzing module divider_xbip_pipe_v3_0_6_viv__parameterized7_73
INFO: [VRFC 10-311] analyzing module divider_xbip_pipe_v3_0_6_viv__parameterized7_75
INFO: [VRFC 10-311] analyzing module divider_xbip_pipe_v3_0_6_viv__parameterized7_78
INFO: [VRFC 10-311] analyzing module divider_xbip_pipe_v3_0_6_viv__parameterized7_80
INFO: [VRFC 10-311] analyzing module divider_xbip_pipe_v3_0_6_viv__parameterized7_83
INFO: [VRFC 10-311] analyzing module divider_xbip_pipe_v3_0_6_viv__parameterized7_85
INFO: [VRFC 10-311] analyzing module divider_xbip_pipe_v3_0_6_viv__parameterized7_88
INFO: [VRFC 10-311] analyzing module divider_xbip_pipe_v3_0_6_viv__parameterized7_90
INFO: [VRFC 10-311] analyzing module divider_xbip_pipe_v3_0_6_viv__parameterized7_93
INFO: [VRFC 10-311] analyzing module divider_xbip_pipe_v3_0_6_viv__parameterized7_95
INFO: [VRFC 10-311] analyzing module divider_xbip_pipe_v3_0_6_viv__parameterized7_98
INFO: [VRFC 10-311] analyzing module divider_xbip_pipe_v3_0_6_viv__parameterized81
INFO: [VRFC 10-311] analyzing module divider_xbip_pipe_v3_0_6_viv__parameterized83
INFO: [VRFC 10-311] analyzing module divider_xbip_pipe_v3_0_6_viv__parameterized85
INFO: [VRFC 10-311] analyzing module divider_xbip_pipe_v3_0_6_viv__parameterized87
INFO: [VRFC 10-311] analyzing module divider_xbip_pipe_v3_0_6_viv__parameterized89
INFO: [VRFC 10-311] analyzing module divider_xbip_pipe_v3_0_6_viv__parameterized9
INFO: [VRFC 10-311] analyzing module divider_xbip_pipe_v3_0_6_viv__parameterized91
INFO: [VRFC 10-311] analyzing module divider_xbip_pipe_v3_0_6_viv__parameterized93
INFO: [VRFC 10-311] analyzing module divider_xbip_pipe_v3_0_6_viv__parameterized95
INFO: [VRFC 10-311] analyzing module divider_xbip_pipe_v3_0_6_viv__parameterized97
INFO: [VRFC 10-311] analyzing module divider_xbip_pipe_v3_0_6_viv__parameterized99
INFO: [VRFC 10-311] analyzing module divider_xbip_pipe_v3_0_6_viv__parameterized9_104
INFO: [VRFC 10-311] analyzing module divider_xbip_pipe_v3_0_6_viv__parameterized9_109
INFO: [VRFC 10-311] analyzing module divider_xbip_pipe_v3_0_6_viv__parameterized9_114
INFO: [VRFC 10-311] analyzing module divider_xbip_pipe_v3_0_6_viv__parameterized9_119
INFO: [VRFC 10-311] analyzing module divider_xbip_pipe_v3_0_6_viv__parameterized9_124
INFO: [VRFC 10-311] analyzing module divider_xbip_pipe_v3_0_6_viv__parameterized9_129
INFO: [VRFC 10-311] analyzing module divider_xbip_pipe_v3_0_6_viv__parameterized9_134
INFO: [VRFC 10-311] analyzing module divider_xbip_pipe_v3_0_6_viv__parameterized9_139
INFO: [VRFC 10-311] analyzing module divider_xbip_pipe_v3_0_6_viv__parameterized9_144
INFO: [VRFC 10-311] analyzing module divider_xbip_pipe_v3_0_6_viv__parameterized9_149
INFO: [VRFC 10-311] analyzing module divider_xbip_pipe_v3_0_6_viv__parameterized9_154
INFO: [VRFC 10-311] analyzing module divider_xbip_pipe_v3_0_6_viv__parameterized9_159
INFO: [VRFC 10-311] analyzing module divider_xbip_pipe_v3_0_6_viv__parameterized9_164
INFO: [VRFC 10-311] analyzing module divider_xbip_pipe_v3_0_6_viv__parameterized9_169
INFO: [VRFC 10-311] analyzing module divider_xbip_pipe_v3_0_6_viv__parameterized9_174
INFO: [VRFC 10-311] analyzing module divider_xbip_pipe_v3_0_6_viv__parameterized9_179
INFO: [VRFC 10-311] analyzing module divider_xbip_pipe_v3_0_6_viv__parameterized9_184
INFO: [VRFC 10-311] analyzing module divider_xbip_pipe_v3_0_6_viv__parameterized9_189
INFO: [VRFC 10-311] analyzing module divider_xbip_pipe_v3_0_6_viv__parameterized9_194
INFO: [VRFC 10-311] analyzing module divider_xbip_pipe_v3_0_6_viv__parameterized9_199
INFO: [VRFC 10-311] analyzing module divider_xbip_pipe_v3_0_6_viv__parameterized9_204
INFO: [VRFC 10-311] analyzing module divider_xbip_pipe_v3_0_6_viv__parameterized9_209
INFO: [VRFC 10-311] analyzing module divider_xbip_pipe_v3_0_6_viv__parameterized9_214
INFO: [VRFC 10-311] analyzing module divider_xbip_pipe_v3_0_6_viv__parameterized9_219
INFO: [VRFC 10-311] analyzing module divider_xbip_pipe_v3_0_6_viv__parameterized9_224
INFO: [VRFC 10-311] analyzing module divider_xbip_pipe_v3_0_6_viv__parameterized9_74
INFO: [VRFC 10-311] analyzing module divider_xbip_pipe_v3_0_6_viv__parameterized9_79
INFO: [VRFC 10-311] analyzing module divider_xbip_pipe_v3_0_6_viv__parameterized9_84
INFO: [VRFC 10-311] analyzing module divider_xbip_pipe_v3_0_6_viv__parameterized9_89
INFO: [VRFC 10-311] analyzing module divider_xbip_pipe_v3_0_6_viv__parameterized9_94
INFO: [VRFC 10-311] analyzing module divider_xbip_pipe_v3_0_6_viv__parameterized9_99
INFO: [VRFC 10-311] analyzing module glbl
INFO: [VRFC 10-2263] Analyzing Verilog file "C:/Users/lenovo/Desktop/Exp5/Exp5.srcs/sources_1/ip/multiplier/multiplier_sim_netlist.v" into library xil_defaultlib
INFO: [VRFC 10-311] analyzing module multiplier
INFO: [VRFC 10-311] analyzing module multiplier_mult_gen_v12_0_16
INFO: [VRFC 10-311] analyzing module multiplier_luts
INFO: [VRFC 10-311] analyzing module multiplier_mult_gen_v12_0_16_viv
INFO: [VRFC 10-2263] Analyzing Verilog file "C:/Users/lenovo/Desktop/Exp5/code/core/CtrlUnit.v" into library xil_defaultlib
INFO: [VRFC 10-311] analyzing module CtrlUnit
INFO: [VRFC 10-2263] Analyzing Verilog file "C:/Users/lenovo/Desktop/Exp5/code/core/FU_ALU.v" into library xil_defaultlib
INFO: [VRFC 10-311] analyzing module FU_ALU
INFO: [VRFC 10-2263] Analyzing Verilog file "C:/Users/lenovo/Desktop/Exp5/code/core/FU_div.v" into library xil_defaultlib
INFO: [VRFC 10-311] analyzing module FU_div
INFO: [VRFC 10-2263] Analyzing Verilog file "C:/Users/lenovo/Desktop/Exp5/code/core/FU_jump.v" into library xil_defaultlib
INFO: [VRFC 10-311] analyzing module FU_jump
INFO: [VRFC 10-2263] Analyzing Verilog file "C:/Users/lenovo/Desktop/Exp5/code/core/FU_mem.v" into library xil_defaultlib
INFO: [VRFC 10-311] analyzing module FU_mem
INFO: [VRFC 10-2263] Analyzing Verilog file "C:/Users/lenovo/Desktop/Exp5/code/core/FU_mul.v" into library xil_defaultlib
INFO: [VRFC 10-311] analyzing module FU_mul
INFO: [VRFC 10-2263] Analyzing Verilog file "C:/Users/lenovo/Desktop/Exp5/code/core/ImmGen.v" into library xil_defaultlib
INFO: [VRFC 10-311] analyzing module ImmGen
INFO: [VRFC 10-2263] Analyzing Verilog file "C:/Users/lenovo/Desktop/Exp5/code/common/MUX2T1_32.v" into library xil_defaultlib
INFO: [VRFC 10-311] analyzing module MUX2T1_32
INFO: [VRFC 10-2263] Analyzing Verilog file "C:/Users/lenovo/Desktop/Exp5/code/common/MUX8T1_32.v" into library xil_defaultlib
INFO: [VRFC 10-311] analyzing module MUX8T1_32
INFO: [VRFC 10-2263] Analyzing Verilog file "C:/Users/lenovo/Desktop/Exp5/code/core/RAM_B.v" into library xil_defaultlib
INFO: [VRFC 10-311] analyzing module RAM_B
INFO: [VRFC 10-2263] Analyzing Verilog file "C:/Users/lenovo/Desktop/Exp5/code/common/REG32.v" into library xil_defaultlib
INFO: [VRFC 10-311] analyzing module REG32
INFO: [VRFC 10-2263] Analyzing Verilog file "C:/Users/lenovo/Desktop/Exp5/code/core/REG_ID.v" into library xil_defaultlib
INFO: [VRFC 10-311] analyzing module REG_ID
INFO: [VRFC 10-2263] Analyzing Verilog file "C:/Users/lenovo/Desktop/Exp5/code/core/ROM_D.v" into library xil_defaultlib
INFO: [VRFC 10-311] analyzing module ROM_D
INFO: [VRFC 10-2263] Analyzing Verilog file "C:/Users/lenovo/Desktop/Exp5/code/core/RV32core.v" into library xil_defaultlib
INFO: [VRFC 10-311] analyzing module RV32core
INFO: [VRFC 10-2263] Analyzing Verilog file "C:/Users/lenovo/Desktop/Exp5/code/core/Regs.v" into library xil_defaultlib
INFO: [VRFC 10-311] analyzing module Regs
INFO: [VRFC 10-2263] Analyzing Verilog file "C:/Users/lenovo/Desktop/Exp5/code/common/add_32.v" into library xil_defaultlib
INFO: [VRFC 10-311] analyzing module add_32
INFO: [VRFC 10-2263] Analyzing Verilog file "C:/Users/lenovo/Desktop/Exp5/code/auxillary/debug_clk.v" into library xil_defaultlib
INFO: [VRFC 10-311] analyzing module debug_clk
INFO: [VRFC 10-2263] Analyzing Verilog file "C:/Users/lenovo/Desktop/Exp5/code/sim/core_sim.v" into library xil_defaultlib
INFO: [VRFC 10-311] analyzing module core_sim
