#-----------------------------------------------------------
# Vivado v2020.1 (64-bit)
# SW Build 2902540 on Wed May 27 19:54:49 MDT 2020
# IP Build 2902112 on Wed May 27 22:43:36 MDT 2020
# Start of session at: Tue Nov  8 20:04:31 2022
# Process ID: 26008
# Current directory: C:/Users/lenovo/Desktop/Exp3
# Command line: vivado.exe -gui_launcher_event rodinguilauncherevent29884 C:\Users\lenovo\Desktop\Exp3\Exp3.xpr
# Log file: C:/Users/lenovo/Desktop/Exp3/vivado.log
# Journal file: C:/Users/lenovo/Desktop/Exp3\vivado.jou
#-----------------------------------------------------------
start_gui
open_project C:/Users/lenovo/Desktop/Exp3/Exp3.xpr
Scanning sources...
Finished scanning sources
INFO: [IP_Flow 19-234] Refreshing IP repositories
INFO: [IP_Flow 19-1704] No user IP repositories specified
INFO: [IP_Flow 19-2313] Loaded Vivado IP repository 'D:/vivado2020/Vivado/2020.1/data/ip'.
open_project: Time (s): cpu = 00:00:19 ; elapsed = 00:00:19 . Memory (MB): peak = 1015.793 ; gain = 0.000
update_compile_order -fileset sources_1
launch_simulation
Command: launch_simulation 
INFO: [Vivado 12-5682] Launching behavioral simulation in 'C:/Users/lenovo/Desktop/Exp3/Exp3.sim/sim_1/behav/xsim'
INFO: [SIM-utils-51] Simulation object is 'sim_1'
INFO: [SIM-utils-54] Inspecting design source files for 'cache_sim' in fileset 'sim_1'...
INFO: [USF-XSim-97] Finding global include files...
INFO: [USF-XSim-98] Fetching design files from 'sim_1'...
INFO: [USF-XSim-2] XSim::Compile design
INFO: [USF-XSim-61] Executing 'COMPILE and ANALYZE' step in 'C:/Users/lenovo/Desktop/Exp3/Exp3.sim/sim_1/behav/xsim'
"xvlog --incr --relax -prj cache_sim_vlog.prj"
INFO: [USF-XSim-69] 'compile' step finished in '4' seconds
INFO: [USF-XSim-3] XSim::Elaborate design
INFO: [USF-XSim-61] Executing 'ELABORATE' step in 'C:/Users/lenovo/Desktop/Exp3/Exp3.sim/sim_1/behav/xsim'
"xelab -wto d1679025e5ba4cbfbcb9c4155652141f --incr --debug typical --relax --mt 2 -L xil_defaultlib -L unisims_ver -L unimacro_ver -L secureip --snapshot cache_sim_behav xil_defaultlib.cache_sim xil_defaultlib.glbl -log elaborate.log"
Vivado Simulator 2020.1
Copyright 1986-1999, 2001-2020 Xilinx, Inc. All Rights Reserved.
Running: D:/vivado2020/Vivado/2020.1/bin/unwrapped/win64.o/xelab.exe -wto d1679025e5ba4cbfbcb9c4155652141f --incr --debug typical --relax --mt 2 -L xil_defaultlib -L unisims_ver -L unimacro_ver -L secureip --snapshot cache_sim_behav xil_defaultlib.cache_sim xil_defaultlib.glbl -log elaborate.log 
Using 2 slave threads.
Starting static elaboration
Pass Through NonSizing Optimizer
Completed static elaboration
INFO: [XSIM 43-4323] No Change in HDL. Linking previously generated obj files to create kernel
INFO: [USF-XSim-69] 'elaborate' step finished in '5' seconds
INFO: [USF-XSim-4] XSim::Simulate design
INFO: [USF-XSim-61] Executing 'SIMULATE' step in 'C:/Users/lenovo/Desktop/Exp3/Exp3.sim/sim_1/behav/xsim'
INFO: [USF-XSim-98] *** Running xsim
   with args "cache_sim_behav -key {Behavioral:sim_1:Functional:cache_sim} -tclbatch {cache_sim.tcl} -view {C:/Users/lenovo/Desktop/Exp3/code/wave/cache_sim_behav.wcfg} -log {simulate.log}"
INFO: [USF-XSim-8] Loading simulator feature
Vivado Simulator 2020.1
Time resolution is 1 ps
open_wave_config C:/Users/lenovo/Desktop/Exp3/code/wave/cache_sim_behav.wcfg
source cache_sim.tcl
# set curr_wave [current_wave_config]
# if { [string length $curr_wave] == 0 } {
#   if { [llength [get_objects]] > 0} {
#     add_wave /
#     set_property needs_save false [current_wave_config]
#   } else {
#      send_msg_id Add_Wave-1 WARNING "No top level signals found. Simulator will start without a wave window. If you want to open a wave window go to 'File->New Waveform Configuration' or type 'create_wave_config' in the TCL console."
#   }
# }
# run 1000ns
xsim: Time (s): cpu = 00:00:07 ; elapsed = 00:00:05 . Memory (MB): peak = 1015.793 ; gain = 0.000
INFO: [USF-XSim-96] XSim completed. Design snapshot 'cache_sim_behav' loaded.
INFO: [USF-XSim-97] XSim simulation ran for 1000ns
launch_simulation: Time (s): cpu = 00:00:10 ; elapsed = 00:00:15 . Memory (MB): peak = 1015.793 ; gain = 0.000
close_sim
INFO: [Simtcl 6-16] Simulation closed
close_sim: Time (s): cpu = 00:00:03 ; elapsed = 00:00:11 . Memory (MB): peak = 1015.793 ; gain = 0.000
exit
INFO: [Common 17-206] Exiting Vivado at Tue Nov  8 23:36:40 2022...
